{"/home/travis/build/npmtest/node-npmtest-gulp-bundle-assets/test.js":{"path":"/home/travis/build/npmtest/node-npmtest-gulp-bundle-assets/test.js","s":{"1":2,"2":2,"3":2,"4":2,"5":2,"6":2,"7":2,"8":1,"9":2,"10":2,"11":1,"12":1,"13":1,"14":1,"15":2,"16":2,"17":2,"18":2,"19":1,"20":1,"21":2,"22":2,"23":2,"24":1,"25":1,"26":1,"27":1,"28":1,"29":1,"30":1,"31":1,"32":1,"33":1,"34":1,"35":1,"36":1,"37":1,"38":1,"39":2,"40":2,"41":1,"42":2,"43":2,"44":1,"45":2,"46":2,"47":1,"48":2,"49":2,"50":1,"51":1,"52":1,"53":1,"54":1},"b":{"1":[2,1,1,1],"2":[1,1,1,1],"3":[1,1],"4":[1,1],"5":[1,1],"6":[1,1],"7":[1,1],"8":[1,1],"9":[1,1],"10":[1,1,1],"11":[1,1],"12":[1,1],"13":[1,1],"14":[1,1],"15":[1,1],"16":[1,1],"17":[1,1]},"f":{"1":2,"2":2,"3":2,"4":2,"5":2,"6":1,"7":1,"8":1,"9":2,"10":2,"11":2,"12":2,"13":1},"fnMap":{"1":{"name":"(anonymous_1)","line":12,"loc":{"start":{"line":12,"column":1},"end":{"line":12,"column":13}}},"2":{"name":"(anonymous_2)","line":19,"loc":{"start":{"line":19,"column":5},"end":{"line":19,"column":17}}},"3":{"name":"(anonymous_3)","line":23,"loc":{"start":{"line":23,"column":24},"end":{"line":23,"column":36}}},"4":{"name":"(anonymous_4)","line":61,"loc":{"start":{"line":61,"column":5},"end":{"line":61,"column":17}}},"5":{"name":"(anonymous_5)","line":82,"loc":{"start":{"line":82,"column":5},"end":{"line":82,"column":17}}},"6":{"name":"(anonymous_6)","line":91,"loc":{"start":{"line":91,"column":77},"end":{"line":94,"column":10}}},"7":{"name":"(anonymous_7)","line":112,"loc":{"start":{"line":112,"column":83},"end":{"line":115,"column":10}},"skip":true},"8":{"name":"(anonymous_8)","line":123,"loc":{"start":{"line":123,"column":77},"end":{"line":126,"column":10}},"skip":true},"9":{"name":"(anonymous_9)","line":139,"loc":{"start":{"line":139,"column":12},"end":{"line":139,"column":40}},"skip":true},"10":{"name":"(anonymous_10)","line":147,"loc":{"start":{"line":147,"column":77},"end":{"line":150,"column":10}},"skip":true},"11":{"name":"(anonymous_11)","line":158,"loc":{"start":{"line":158,"column":83},"end":{"line":161,"column":10}},"skip":true},"12":{"name":"(anonymous_12)","line":169,"loc":{"start":{"line":169,"column":79},"end":{"line":172,"column":10}},"skip":true},"13":{"name":"(anonymous_13)","line":180,"loc":{"start":{"line":180,"column":75},"end":{"line":183,"column":10}},"skip":true}},"statementMap":{"1":{"start":{"line":12,"column":0},"end":{"line":195,"column":5}},"2":{"start":{"line":14,"column":4},"end":{"line":14,"column":14}},"3":{"start":{"line":19,"column":4},"end":{"line":56,"column":9}},"4":{"start":{"line":21,"column":8},"end":{"line":21,"column":19}},"5":{"start":{"line":23,"column":8},"end":{"line":35,"column":13}},"6":{"start":{"line":24,"column":12},"end":{"line":34,"column":13}},"7":{"start":{"line":25,"column":16},"end":{"line":28,"column":30}},"8":{"start":{"line":30,"column":16},"end":{"line":33,"column":27}},"9":{"start":{"line":37,"column":8},"end":{"line":39,"column":21}},"10":{"start":{"line":40,"column":8},"end":{"line":53,"column":9}},"11":{"start":{"line":43,"column":12},"end":{"line":46,"column":14}},"12":{"start":{"line":47,"column":12},"end":{"line":47,"column":18}},"13":{"start":{"line":50,"column":12},"end":{"line":51,"column":33}},"14":{"start":{"line":52,"column":12},"end":{"line":52,"column":18}},"15":{"start":{"line":55,"column":8},"end":{"line":55,"column":35}},"16":{"start":{"line":61,"column":4},"end":{"line":63,"column":9}},"17":{"start":{"line":62,"column":8},"end":{"line":62,"column":15}},"18":{"start":{"line":64,"column":4},"end":{"line":77,"column":5}},"19":{"start":{"line":70,"column":8},"end":{"line":70,"column":14}},"20":{"start":{"line":76,"column":8},"end":{"line":76,"column":14}},"21":{"start":{"line":82,"column":4},"end":{"line":84,"column":9}},"22":{"start":{"line":83,"column":8},"end":{"line":83,"column":15}},"23":{"start":{"line":85,"column":4},"end":{"line":194,"column":5}},"24":{"start":{"line":91,"column":8},"end":{"line":99,"column":10}},"25":{"start":{"line":98,"column":12},"end":{"line":98,"column":35}},"26":{"start":{"line":102,"column":8},"end":{"line":104,"column":63}},"27":{"start":{"line":105,"column":8},"end":{"line":105,"column":14}},"28":{"start":{"line":112,"column":8},"end":{"line":121,"column":10},"skip":true},"29":{"start":{"line":119,"column":12},"end":{"line":119,"column":55},"skip":true},"30":{"start":{"line":120,"column":12},"end":{"line":120,"column":48},"skip":true},"31":{"start":{"line":123,"column":8},"end":{"line":136,"column":10},"skip":true},"32":{"start":{"line":130,"column":12},"end":{"line":130,"column":76},"skip":true},"33":{"start":{"line":131,"column":12},"end":{"line":131,"column":73},"skip":true},"34":{"start":{"line":132,"column":12},"end":{"line":132,"column":74},"skip":true},"35":{"start":{"line":133,"column":12},"end":{"line":133,"column":79},"skip":true},"36":{"start":{"line":134,"column":12},"end":{"line":134,"column":25},"skip":true},"37":{"start":{"line":135,"column":12},"end":{"line":135,"column":45},"skip":true},"38":{"start":{"line":138,"column":8},"end":{"line":145,"column":14},"skip":true},"39":{"start":{"line":143,"column":16},"end":{"line":143,"column":29},"skip":true},"40":{"start":{"line":144,"column":16},"end":{"line":144,"column":55},"skip":true},"41":{"start":{"line":147,"column":8},"end":{"line":156,"column":10},"skip":true},"42":{"start":{"line":154,"column":12},"end":{"line":154,"column":25},"skip":true},"43":{"start":{"line":155,"column":12},"end":{"line":155,"column":45},"skip":true},"44":{"start":{"line":158,"column":8},"end":{"line":167,"column":10},"skip":true},"45":{"start":{"line":165,"column":12},"end":{"line":165,"column":25},"skip":true},"46":{"start":{"line":166,"column":12},"end":{"line":166,"column":48},"skip":true},"47":{"start":{"line":169,"column":8},"end":{"line":178,"column":10},"skip":true},"48":{"start":{"line":176,"column":12},"end":{"line":176,"column":25},"skip":true},"49":{"start":{"line":177,"column":12},"end":{"line":177,"column":46},"skip":true},"50":{"start":{"line":180,"column":8},"end":{"line":189,"column":10},"skip":true},"51":{"start":{"line":187,"column":12},"end":{"line":187,"column":94},"skip":true},"52":{"start":{"line":188,"column":12},"end":{"line":188,"column":48},"skip":true},"53":{"start":{"line":192,"column":8},"end":{"line":192,"column":35},"skip":true},"54":{"start":{"line":193,"column":8},"end":{"line":193,"column":14},"skip":true}},"branchMap":{"1":{"line":25,"type":"binary-expr","locations":[{"start":{"line":25,"column":23},"end":{"line":25,"column":62}},{"start":{"line":26,"column":20},"end":{"line":26,"column":70}},{"start":{"line":27,"column":20},"end":{"line":27,"column":71}},{"start":{"line":28,"column":20},"end":{"line":28,"column":29}}]},"2":{"line":30,"type":"binary-expr","locations":[{"start":{"line":30,"column":23},"end":{"line":30,"column":37}},{"start":{"line":31,"column":20},"end":{"line":31,"column":61}},{"start":{"line":32,"column":20},"end":{"line":32,"column":70}},{"start":{"line":33,"column":20},"end":{"line":33,"column":26}}]},"3":{"line":37,"type":"cond-expr","locations":[{"start":{"line":38,"column":14},"end":{"line":38,"column":20}},{"start":{"line":39,"column":14},"end":{"line":39,"column":20}}]},"4":{"line":40,"type":"switch","locations":[{"start":{"line":42,"column":8},"end":{"line":47,"column":18}},{"start":{"line":49,"column":8},"end":{"line":52,"column":18}}]},"5":{"line":44,"type":"binary-expr","locations":[{"start":{"line":44,"column":16},"end":{"line":44,"column":44}},{"start":{"line":44,"column":48},"end":{"line":44,"column":66}}]},"6":{"line":50,"type":"binary-expr","locations":[{"start":{"line":50,"column":21},"end":{"line":50,"column":49}},{"start":{"line":50,"column":53},"end":{"line":50,"column":72}}]},"7":{"line":64,"type":"switch","locations":[{"start":{"line":69,"column":4},"end":{"line":70,"column":14}},{"start":{"line":75,"column":4},"end":{"line":76,"column":14}}]},"8":{"line":85,"type":"switch","locations":[{"start":{"line":90,"column":4},"end":{"line":105,"column":14}},{"start":{"line":111,"column":4},"end":{"line":193,"column":14},"skip":true}]},"9":{"line":91,"type":"binary-expr","locations":[{"start":{"line":91,"column":42},"end":{"line":91,"column":73}},{"start":{"line":91,"column":77},"end":{"line":99,"column":9}}]},"10":{"line":102,"type":"binary-expr","locations":[{"start":{"line":102,"column":18},"end":{"line":102,"column":32}},{"start":{"line":103,"column":12},"end":{"line":103,"column":53}},{"start":{"line":104,"column":12},"end":{"line":104,"column":61}}]},"11":{"line":112,"type":"binary-expr","locations":[{"start":{"line":112,"column":45},"end":{"line":112,"column":79},"skip":true},{"start":{"line":112,"column":83},"end":{"line":121,"column":9},"skip":true}]},"12":{"line":123,"type":"binary-expr","locations":[{"start":{"line":123,"column":42},"end":{"line":123,"column":73},"skip":true},{"start":{"line":123,"column":77},"end":{"line":136,"column":9},"skip":true}]},"13":{"line":138,"type":"binary-expr","locations":[{"start":{"line":138,"column":48},"end":{"line":138,"column":85},"skip":true},{"start":{"line":139,"column":12},"end":{"line":145,"column":13},"skip":true}]},"14":{"line":147,"type":"binary-expr","locations":[{"start":{"line":147,"column":42},"end":{"line":147,"column":73},"skip":true},{"start":{"line":147,"column":77},"end":{"line":156,"column":9},"skip":true}]},"15":{"line":158,"type":"binary-expr","locations":[{"start":{"line":158,"column":45},"end":{"line":158,"column":79},"skip":true},{"start":{"line":158,"column":83},"end":{"line":167,"column":9},"skip":true}]},"16":{"line":169,"type":"binary-expr","locations":[{"start":{"line":169,"column":43},"end":{"line":169,"column":75},"skip":true},{"start":{"line":169,"column":79},"end":{"line":178,"column":9},"skip":true}]},"17":{"line":180,"type":"binary-expr","locations":[{"start":{"line":180,"column":41},"end":{"line":180,"column":71},"skip":true},{"start":{"line":180,"column":75},"end":{"line":189,"column":9},"skip":true}]}},"code":["/* istanbul instrument in package npmtest_gulp_bundle_assets */","/*jslint","    bitwise: true,","    browser: true,","    maxerr: 8,","    maxlen: 96,","    node: true,","    nomen: true,","    regexp: true,","    stupid: true","*/","(function () {","    'use strict';","    var local;","","","","    // run shared js-env code - pre-init","    (function () {","        // init local","        local = {};","        // init modeJs","        local.modeJs = (function () {","            try {","                return typeof navigator.userAgent === 'string' &&","                    typeof document.querySelector('body') === 'object' &&","                    typeof XMLHttpRequest.prototype.open === 'function' &&","                    'browser';","            } catch (errorCaughtBrowser) {","                return module.exports &&","                    typeof process.versions.node === 'string' &&","                    typeof require('http').createServer === 'function' &&","                    'node';","            }","        }());","        // init global","        local.global = local.modeJs === 'browser'","            ? window","            : global;","        switch (local.modeJs) {","        // re-init local from window.local","        case 'browser':","            local = local.global.utility2.objectSetDefault(","                local.global.utility2_rollup || local.global.local,","                local.global.utility2","            );","            break;","        // re-init local from example.js","        case 'node':","            local = (local.global.utility2_rollup || require('utility2'))","                .requireReadme();","            break;","        }","        // export local","        local.global.local = local;","    }());","","","","    // run shared js-env code - function","    (function () {","        return;","    }());","    switch (local.modeJs) {","","","","    // run browser js-env code - function","    case 'browser':","        break;","","","","    // run node js-env code - function","    case 'node':","        break;","    }","","","","    // run shared js-env code - post-init","    (function () {","        return;","    }());","    switch (local.modeJs) {","","","","    // run browser js-env code - post-init","    case 'browser':","        local.testCase_browser_nullCase = local.testCase_browser_nullCase || function (","            options,","            onError","        ) {","        /*","         * this function will test browsers's null-case handling-behavior-behavior","         */","            onError(null, options);","        };","","        // run tests","        local.nop(local.modeTest &&","            document.querySelector('#testRunButton1') &&","            document.querySelector('#testRunButton1').click());","        break;","","","","    // run node js-env code - post-init","    /* istanbul ignore next */","    case 'node':","        local.testCase_buildApidoc_default = local.testCase_buildApidoc_default || function (","            options,","            onError","        ) {","        /*","         * this function will test buildApidoc's default handling-behavior-behavior","         */","            options = { modulePathList: module.paths };","            local.buildApidoc(options, onError);","        };","","        local.testCase_buildApp_default = local.testCase_buildApp_default || function (","            options,","            onError","        ) {","        /*","         * this function will test buildApp's default handling-behavior-behavior","         */","            local.testCase_buildReadme_default(options, local.onErrorThrow);","            local.testCase_buildLib_default(options, local.onErrorThrow);","            local.testCase_buildTest_default(options, local.onErrorThrow);","            local.testCase_buildCustomOrg_default(options, local.onErrorThrow);","            options = [];","            local.buildApp(options, onError);","        };","","        local.testCase_buildCustomOrg_default = local.testCase_buildCustomOrg_default ||","            function (options, onError) {","            /*","             * this function will test buildCustomOrg's default handling-behavior","             */","                options = {};","                local.buildCustomOrg(options, onError);","            };","","        local.testCase_buildLib_default = local.testCase_buildLib_default || function (","            options,","            onError","        ) {","        /*","         * this function will test buildLib's default handling-behavior","         */","            options = {};","            local.buildLib(options, onError);","        };","","        local.testCase_buildReadme_default = local.testCase_buildReadme_default || function (","            options,","            onError","        ) {","        /*","         * this function will test buildReadme's default handling-behavior-behavior","         */","            options = {};","            local.buildReadme(options, onError);","        };","","        local.testCase_buildTest_default = local.testCase_buildTest_default || function (","            options,","            onError","        ) {","        /*","         * this function will test buildTest's default handling-behavior","         */","            options = {};","            local.buildTest(options, onError);","        };","","        local.testCase_webpage_default = local.testCase_webpage_default || function (","            options,","            onError","        ) {","        /*","         * this function will test webpage's default handling-behavior","         */","            options = { modeCoverageMerge: true, url: local.serverLocalHost + '?modeTest=1' };","            local.browserTest(options, onError);","        };","","        // run test-server","        local.testRunServer(local);","        break;","    }","}());",""],"l":{"12":2,"14":2,"19":2,"21":2,"23":2,"24":2,"25":2,"30":1,"37":2,"40":2,"43":1,"47":1,"50":1,"52":1,"55":2,"61":2,"62":2,"64":2,"70":1,"76":1,"82":2,"83":2,"85":2,"91":1,"98":1,"102":1,"105":1,"112":1,"119":1,"120":1,"123":1,"130":1,"131":1,"132":1,"133":1,"134":1,"135":1,"138":1,"143":2,"144":2,"147":1,"154":2,"155":2,"158":1,"165":2,"166":2,"169":1,"176":2,"177":2,"180":1,"187":1,"188":1,"192":1,"193":1}},"/home/travis/build/npmtest/node-npmtest-gulp-bundle-assets/lib.npmtest_gulp_bundle_assets.js":{"path":"/home/travis/build/npmtest/node-npmtest-gulp-bundle-assets/lib.npmtest_gulp_bundle_assets.js","s":{"1":2,"2":2,"3":2,"4":2,"5":2,"6":2,"7":2,"8":1,"9":2,"10":2,"11":2,"12":2,"13":1,"14":1,"15":1,"16":1},"b":{"1":[2,1,1,1],"2":[1,1,1,1],"3":[1,1],"4":[2,2],"5":[1,1]},"f":{"1":2,"2":2,"3":2},"fnMap":{"1":{"name":"(anonymous_1)","line":12,"loc":{"start":{"line":12,"column":1},"end":{"line":12,"column":13}}},"2":{"name":"(anonymous_2)","line":19,"loc":{"start":{"line":19,"column":5},"end":{"line":19,"column":17}}},"3":{"name":"(anonymous_3)","line":23,"loc":{"start":{"line":23,"column":24},"end":{"line":23,"column":36}}}},"statementMap":{"1":{"start":{"line":12,"column":0},"end":{"line":53,"column":5}},"2":{"start":{"line":14,"column":4},"end":{"line":14,"column":14}},"3":{"start":{"line":19,"column":4},"end":{"line":52,"column":9}},"4":{"start":{"line":21,"column":8},"end":{"line":21,"column":19}},"5":{"start":{"line":23,"column":8},"end":{"line":35,"column":13}},"6":{"start":{"line":24,"column":12},"end":{"line":34,"column":13}},"7":{"start":{"line":25,"column":16},"end":{"line":28,"column":30}},"8":{"start":{"line":30,"column":16},"end":{"line":33,"column":27}},"9":{"start":{"line":37,"column":8},"end":{"line":39,"column":21}},"10":{"start":{"line":41,"column":8},"end":{"line":41,"column":54}},"11":{"start":{"line":43,"column":8},"end":{"line":43,"column":63}},"12":{"start":{"line":45,"column":8},"end":{"line":51,"column":9}},"13":{"start":{"line":46,"column":12},"end":{"line":46,"column":69}},"14":{"start":{"line":48,"column":12},"end":{"line":48,"column":35}},"15":{"start":{"line":49,"column":12},"end":{"line":49,"column":49}},"16":{"start":{"line":50,"column":12},"end":{"line":50,"column":43}}},"branchMap":{"1":{"line":25,"type":"binary-expr","locations":[{"start":{"line":25,"column":23},"end":{"line":25,"column":62}},{"start":{"line":26,"column":20},"end":{"line":26,"column":70}},{"start":{"line":27,"column":20},"end":{"line":27,"column":71}},{"start":{"line":28,"column":20},"end":{"line":28,"column":29}}]},"2":{"line":30,"type":"binary-expr","locations":[{"start":{"line":30,"column":23},"end":{"line":30,"column":37}},{"start":{"line":31,"column":20},"end":{"line":31,"column":61}},{"start":{"line":32,"column":20},"end":{"line":32,"column":70}},{"start":{"line":33,"column":20},"end":{"line":33,"column":26}}]},"3":{"line":37,"type":"cond-expr","locations":[{"start":{"line":38,"column":14},"end":{"line":38,"column":20}},{"start":{"line":39,"column":14},"end":{"line":39,"column":20}}]},"4":{"line":41,"type":"binary-expr","locations":[{"start":{"line":41,"column":16},"end":{"line":41,"column":44}},{"start":{"line":41,"column":48},"end":{"line":41,"column":53}}]},"5":{"line":45,"type":"if","locations":[{"start":{"line":45,"column":8},"end":{"line":45,"column":8}},{"start":{"line":45,"column":8},"end":{"line":45,"column":8}}]}},"code":["/* istanbul instrument in package npmtest_gulp_bundle_assets */","/*jslint","    bitwise: true,","    browser: true,","    maxerr: 8,","    maxlen: 96,","    node: true,","    nomen: true,","    regexp: true,","    stupid: true","*/","(function () {","    'use strict';","    var local;","","","","    // run shared js-env code - pre-init","    (function () {","        // init local","        local = {};","        // init modeJs","        local.modeJs = (function () {","            try {","                return typeof navigator.userAgent === 'string' &&","                    typeof document.querySelector('body') === 'object' &&","                    typeof XMLHttpRequest.prototype.open === 'function' &&","                    'browser';","            } catch (errorCaughtBrowser) {","                return module.exports &&","                    typeof process.versions.node === 'string' &&","                    typeof require('http').createServer === 'function' &&","                    'node';","            }","        }());","        // init global","        local.global = local.modeJs === 'browser'","            ? window","            : global;","        // init utility2_rollup","        local = local.global.utility2_rollup || local;","        // init lib","        local.local = local.npmtest_gulp_bundle_assets = local;","        // init exports","        if (local.modeJs === 'browser') {","            local.global.utility2_npmtest_gulp_bundle_assets = local;","        } else {","            module.exports = local;","            module.exports.__dirname = __dirname;","            module.exports.module = module;","        }","    }());","}());",""],"l":{"12":2,"14":2,"19":2,"21":2,"23":2,"24":2,"25":2,"30":1,"37":2,"41":2,"43":2,"45":2,"46":1,"48":1,"49":1,"50":1}},"/home/travis/build/npmtest/node-npmtest-gulp-bundle-assets/example.js":{"path":"/home/travis/build/npmtest/node-npmtest-gulp-bundle-assets/example.js","s":{"1":2,"2":2,"3":2,"4":2,"5":2,"6":2,"7":2,"8":1,"9":2,"10":2,"11":2,"12":2,"13":1,"14":2,"15":2,"16":2,"17":2,"18":2,"19":0,"20":2,"21":1,"22":1,"23":1,"24":1,"25":1,"26":0,"27":0,"28":1,"29":1,"30":2,"31":0,"32":0,"33":0,"34":1,"35":2,"36":2,"37":3,"38":3,"39":3,"40":3,"41":0,"42":3,"43":3,"44":3,"45":1,"46":3,"47":1,"48":1,"49":1,"50":1,"51":1,"52":1,"53":1,"54":1,"55":1,"56":1,"57":0,"58":1,"59":6,"60":6,"61":1,"62":2,"63":0,"64":2,"65":1,"66":1,"67":0,"68":0,"69":0,"70":0,"71":0,"72":0,"73":0,"74":0,"75":0,"76":0,"77":0,"78":0,"79":0,"80":0,"81":0,"82":0,"83":0},"b":{"1":[2,1,1,1],"2":[1,1,1,1],"3":[1,1],"4":[2,2],"5":[1,1],"6":[1,1],"7":[2,0],"8":[2,1,1,1,1,1],"9":[0,2,0],"10":[1,1],"11":[2,1,1],"12":[1,0],"13":[0,2],"14":[2,0,0,0,0,0,0],"15":[0,3],"16":[3,0],"17":[1,1],"18":[0,1],"19":[1,2,0,2],"20":[1,0],"21":[1,1],"22":[0,0],"23":[0,0],"24":[0,0],"25":[0,0],"26":[0,0],"27":[0,0],"28":[0,0]},"f":{"1":2,"2":2,"3":2,"4":2,"5":2,"6":2,"7":3,"8":3,"9":3,"10":1,"11":6,"12":0},"fnMap":{"1":{"name":"(anonymous_1)","line":26,"loc":{"start":{"line":26,"column":1},"end":{"line":26,"column":13}}},"2":{"name":"(anonymous_2)","line":33,"loc":{"start":{"line":33,"column":5},"end":{"line":33,"column":17}}},"3":{"name":"(anonymous_3)","line":37,"loc":{"start":{"line":37,"column":24},"end":{"line":37,"column":36}}},"4":{"name":"(anonymous_4)","line":69,"loc":{"start":{"line":69,"column":31},"end":{"line":69,"column":48}},"skip":true},"5":{"name":"(anonymous_5)","line":78,"loc":{"start":{"line":78,"column":26},"end":{"line":78,"column":45}},"skip":true},"6":{"name":"(anonymous_6)","line":123,"loc":{"start":{"line":123,"column":33},"end":{"line":123,"column":48}},"skip":true},"7":{"name":"(anonymous_7)","line":125,"loc":{"start":{"line":125,"column":27},"end":{"line":125,"column":39}},"skip":true},"8":{"name":"(anonymous_8)","line":133,"loc":{"start":{"line":133,"column":59},"end":{"line":133,"column":74}},"skip":true},"9":{"name":"(anonymous_9)","line":143,"loc":{"start":{"line":143,"column":45},"end":{"line":143,"column":62}},"skip":true},"10":{"name":"(anonymous_10)","line":144,"loc":{"start":{"line":144,"column":73},"end":{"line":144,"column":92}},"skip":true},"11":{"name":"(anonymous_11)","line":272,"loc":{"start":{"line":272,"column":51},"end":{"line":272,"column":77}},"skip":true},"12":{"name":"(anonymous_12)","line":315,"loc":{"start":{"line":315,"column":32},"end":{"line":315,"column":61}},"skip":true}},"statementMap":{"1":{"start":{"line":26,"column":0},"end":{"line":326,"column":5}},"2":{"start":{"line":28,"column":4},"end":{"line":28,"column":14}},"3":{"start":{"line":33,"column":4},"end":{"line":60,"column":9}},"4":{"start":{"line":35,"column":8},"end":{"line":35,"column":19}},"5":{"start":{"line":37,"column":8},"end":{"line":49,"column":13}},"6":{"start":{"line":38,"column":12},"end":{"line":48,"column":13}},"7":{"start":{"line":39,"column":16},"end":{"line":42,"column":30}},"8":{"start":{"line":44,"column":16},"end":{"line":47,"column":27}},"9":{"start":{"line":51,"column":8},"end":{"line":53,"column":21}},"10":{"start":{"line":55,"column":8},"end":{"line":57,"column":45}},"11":{"start":{"line":59,"column":8},"end":{"line":59,"column":35}},"12":{"start":{"line":61,"column":4},"end":{"line":325,"column":5}},"13":{"start":{"line":69,"column":8},"end":{"line":121,"column":10},"skip":true},"14":{"start":{"line":70,"column":12},"end":{"line":88,"column":13},"skip":true},"15":{"start":{"line":76,"column":16},"end":{"line":87,"column":19},"skip":true},"16":{"start":{"line":79,"column":20},"end":{"line":86,"column":21},"skip":true},"17":{"start":{"line":82,"column":24},"end":{"line":82,"column":43},"skip":true},"18":{"start":{"line":83,"column":24},"end":{"line":83,"column":30},"skip":true},"19":{"start":{"line":85,"column":24},"end":{"line":85,"column":49},"skip":true},"20":{"start":{"line":89,"column":12},"end":{"line":107,"column":13},"skip":true},"21":{"start":{"line":92,"column":16},"end":{"line":102,"column":17},"skip":true},"22":{"start":{"line":93,"column":20},"end":{"line":93,"column":86},"skip":true},"23":{"start":{"line":94,"column":20},"end":{"line":95,"column":45},"skip":true},"24":{"start":{"line":96,"column":20},"end":{"line":96,"column":42},"skip":true},"25":{"start":{"line":97,"column":20},"end":{"line":97,"column":48},"skip":true},"26":{"start":{"line":100,"column":20},"end":{"line":100,"column":85},"skip":true},"27":{"start":{"line":101,"column":20},"end":{"line":101,"column":96},"skip":true},"28":{"start":{"line":103,"column":16},"end":{"line":103,"column":22},"skip":true},"29":{"start":{"line":106,"column":16},"end":{"line":106,"column":22},"skip":true},"30":{"start":{"line":108,"column":12},"end":{"line":120,"column":13},"skip":true},"31":{"start":{"line":114,"column":16},"end":{"line":119,"column":17},"skip":true},"32":{"start":{"line":116,"column":20},"end":{"line":116,"column":78},"skip":true},"33":{"start":{"line":118,"column":20},"end":{"line":118,"column":47},"skip":true},"34":{"start":{"line":123,"column":8},"end":{"line":141,"column":11},"skip":true},"35":{"start":{"line":124,"column":12},"end":{"line":124,"column":54},"skip":true},"36":{"start":{"line":125,"column":12},"end":{"line":140,"column":14},"skip":true},"37":{"start":{"line":126,"column":16},"end":{"line":126,"column":28},"skip":true},"38":{"start":{"line":127,"column":16},"end":{"line":127,"column":69},"skip":true},"39":{"start":{"line":128,"column":16},"end":{"line":128,"column":75},"skip":true},"40":{"start":{"line":129,"column":16},"end":{"line":131,"column":17},"skip":true},"41":{"start":{"line":130,"column":20},"end":{"line":130,"column":27},"skip":true},"42":{"start":{"line":133,"column":16},"end":{"line":137,"column":36},"skip":true},"43":{"start":{"line":134,"column":20},"end":{"line":136,"column":55},"skip":true},"44":{"start":{"line":139,"column":16},"end":{"line":139,"column":57},"skip":true},"45":{"start":{"line":143,"column":8},"end":{"line":147,"column":11},"skip":true},"46":{"start":{"line":144,"column":12},"end":{"line":146,"column":15},"skip":true},"47":{"start":{"line":145,"column":16},"end":{"line":145,"column":70},"skip":true},"48":{"start":{"line":149,"column":8},"end":{"line":149,"column":31},"skip":true},"49":{"start":{"line":150,"column":8},"end":{"line":150,"column":14},"skip":true},"50":{"start":{"line":158,"column":8},"end":{"line":158,"column":31},"skip":true},"51":{"start":{"line":160,"column":8},"end":{"line":160,"column":33},"skip":true},"52":{"start":{"line":161,"column":8},"end":{"line":161,"column":37},"skip":true},"53":{"start":{"line":162,"column":8},"end":{"line":162,"column":35},"skip":true},"54":{"start":{"line":164,"column":8},"end":{"line":164,"column":50},"skip":true},"55":{"start":{"line":166,"column":8},"end":{"line":256,"column":2},"skip":true},"56":{"start":{"line":258,"column":8},"end":{"line":286,"column":9},"skip":true},"57":{"start":{"line":259,"column":12},"end":{"line":269,"column":14},"skip":true},"58":{"start":{"line":271,"column":12},"end":{"line":285,"column":19},"skip":true},"59":{"start":{"line":274,"column":20},"end":{"line":274,"column":35},"skip":true},"60":{"start":{"line":275,"column":20},"end":{"line":284,"column":21},"skip":true},"61":{"start":{"line":277,"column":24},"end":{"line":277,"column":64},"skip":true},"62":{"start":{"line":279,"column":24},"end":{"line":279,"column":40},"skip":true},"63":{"start":{"line":281,"column":24},"end":{"line":281,"column":40},"skip":true},"64":{"start":{"line":283,"column":24},"end":{"line":283,"column":39},"skip":true},"65":{"start":{"line":288,"column":8},"end":{"line":290,"column":9},"skip":true},"66":{"start":{"line":289,"column":12},"end":{"line":289,"column":18},"skip":true},"67":{"start":{"line":291,"column":8},"end":{"line":293,"column":54},"skip":true},"68":{"start":{"line":296,"column":8},"end":{"line":301,"column":37},"skip":true},"69":{"start":{"line":303,"column":8},"end":{"line":303,"column":82},"skip":true},"70":{"start":{"line":306,"column":8},"end":{"line":308,"column":9},"skip":true},"71":{"start":{"line":307,"column":12},"end":{"line":307,"column":82},"skip":true},"72":{"start":{"line":310,"column":8},"end":{"line":312,"column":9},"skip":true},"73":{"start":{"line":311,"column":12},"end":{"line":311,"column":18},"skip":true},"74":{"start":{"line":313,"column":8},"end":{"line":313,"column":54},"skip":true},"75":{"start":{"line":314,"column":8},"end":{"line":314,"column":69},"skip":true},"76":{"start":{"line":315,"column":8},"end":{"line":323,"column":36},"skip":true},"77":{"start":{"line":316,"column":12},"end":{"line":316,"column":61},"skip":true},"78":{"start":{"line":317,"column":12},"end":{"line":320,"column":13},"skip":true},"79":{"start":{"line":318,"column":16},"end":{"line":318,"column":75},"skip":true},"80":{"start":{"line":319,"column":16},"end":{"line":319,"column":23},"skip":true},"81":{"start":{"line":321,"column":12},"end":{"line":321,"column":38},"skip":true},"82":{"start":{"line":322,"column":12},"end":{"line":322,"column":27},"skip":true},"83":{"start":{"line":324,"column":8},"end":{"line":324,"column":14},"skip":true}},"branchMap":{"1":{"line":39,"type":"binary-expr","locations":[{"start":{"line":39,"column":23},"end":{"line":39,"column":62}},{"start":{"line":40,"column":20},"end":{"line":40,"column":70}},{"start":{"line":41,"column":20},"end":{"line":41,"column":71}},{"start":{"line":42,"column":20},"end":{"line":42,"column":29}}]},"2":{"line":44,"type":"binary-expr","locations":[{"start":{"line":44,"column":23},"end":{"line":44,"column":37}},{"start":{"line":45,"column":20},"end":{"line":45,"column":61}},{"start":{"line":46,"column":20},"end":{"line":46,"column":70}},{"start":{"line":47,"column":20},"end":{"line":47,"column":26}}]},"3":{"line":51,"type":"cond-expr","locations":[{"start":{"line":52,"column":14},"end":{"line":52,"column":20}},{"start":{"line":53,"column":14},"end":{"line":53,"column":20}}]},"4":{"line":55,"type":"binary-expr","locations":[{"start":{"line":55,"column":16},"end":{"line":55,"column":44}},{"start":{"line":55,"column":49},"end":{"line":57,"column":43}}]},"5":{"line":55,"type":"cond-expr","locations":[{"start":{"line":56,"column":14},"end":{"line":56,"column":62}},{"start":{"line":57,"column":14},"end":{"line":57,"column":43}}]},"6":{"line":61,"type":"switch","locations":[{"start":{"line":68,"column":4},"end":{"line":150,"column":14},"skip":true},{"start":{"line":156,"column":4},"end":{"line":324,"column":14},"skip":true}]},"7":{"line":70,"type":"if","locations":[{"start":{"line":70,"column":12},"end":{"line":70,"column":12},"skip":true},{"start":{"line":70,"column":12},"end":{"line":70,"column":12},"skip":true}]},"8":{"line":70,"type":"binary-expr","locations":[{"start":{"line":70,"column":16},"end":{"line":70,"column":22},"skip":true},{"start":{"line":70,"column":27},"end":{"line":70,"column":32},"skip":true},{"start":{"line":71,"column":20},"end":{"line":71,"column":39},"skip":true},{"start":{"line":72,"column":20},"end":{"line":72,"column":49},"skip":true},{"start":{"line":73,"column":20},"end":{"line":73,"column":58},"skip":true},{"start":{"line":74,"column":20},"end":{"line":74,"column":69},"skip":true}]},"9":{"line":79,"type":"switch","locations":[{"start":{"line":80,"column":20},"end":{"line":80,"column":33},"skip":true},{"start":{"line":81,"column":20},"end":{"line":83,"column":30},"skip":true},{"start":{"line":84,"column":20},"end":{"line":85,"column":49},"skip":true}]},"10":{"line":89,"type":"switch","locations":[{"start":{"line":90,"column":12},"end":{"line":103,"column":22},"skip":true},{"start":{"line":105,"column":12},"end":{"line":106,"column":22},"skip":true}]},"11":{"line":89,"type":"binary-expr","locations":[{"start":{"line":89,"column":20},"end":{"line":89,"column":25},"skip":true},{"start":{"line":89,"column":29},"end":{"line":89,"column":48},"skip":true},{"start":{"line":89,"column":52},"end":{"line":89,"column":74},"skip":true}]},"12":{"line":92,"type":"if","locations":[{"start":{"line":92,"column":16},"end":{"line":92,"column":16},"skip":true},{"start":{"line":92,"column":16},"end":{"line":92,"column":16},"skip":true}]},"13":{"line":108,"type":"if","locations":[{"start":{"line":108,"column":12},"end":{"line":108,"column":12},"skip":true},{"start":{"line":108,"column":12},"end":{"line":108,"column":12},"skip":true}]},"14":{"line":108,"type":"binary-expr","locations":[{"start":{"line":108,"column":16},"end":{"line":108,"column":61},"skip":true},{"start":{"line":108,"column":66},"end":{"line":108,"column":72},"skip":true},{"start":{"line":108,"column":77},"end":{"line":108,"column":82},"skip":true},{"start":{"line":109,"column":20},"end":{"line":109,"column":39},"skip":true},{"start":{"line":110,"column":20},"end":{"line":110,"column":49},"skip":true},{"start":{"line":111,"column":20},"end":{"line":111,"column":58},"skip":true},{"start":{"line":112,"column":20},"end":{"line":112,"column":68},"skip":true}]},"15":{"line":129,"type":"if","locations":[{"start":{"line":129,"column":16},"end":{"line":129,"column":16},"skip":true},{"start":{"line":129,"column":16},"end":{"line":129,"column":16},"skip":true}]},"16":{"line":134,"type":"cond-expr","locations":[{"start":{"line":135,"column":26},"end":{"line":135,"column":29},"skip":true},{"start":{"line":136,"column":26},"end":{"line":136,"column":54},"skip":true}]},"17":{"line":164,"type":"binary-expr","locations":[{"start":{"line":164,"column":27},"end":{"line":164,"column":43},"skip":true},{"start":{"line":164,"column":47},"end":{"line":164,"column":49},"skip":true}]},"18":{"line":258,"type":"if","locations":[{"start":{"line":258,"column":8},"end":{"line":258,"column":8},"skip":true},{"start":{"line":258,"column":8},"end":{"line":258,"column":8},"skip":true}]},"19":{"line":275,"type":"switch","locations":[{"start":{"line":276,"column":20},"end":{"line":277,"column":64},"skip":true},{"start":{"line":278,"column":20},"end":{"line":279,"column":40},"skip":true},{"start":{"line":280,"column":20},"end":{"line":281,"column":40},"skip":true},{"start":{"line":282,"column":20},"end":{"line":283,"column":39},"skip":true}]},"20":{"line":288,"type":"if","locations":[{"start":{"line":288,"column":8},"end":{"line":288,"column":8},"skip":true},{"start":{"line":288,"column":8},"end":{"line":288,"column":8},"skip":true}]},"21":{"line":288,"type":"binary-expr","locations":[{"start":{"line":288,"column":12},"end":{"line":288,"column":40},"skip":true},{"start":{"line":288,"column":44},"end":{"line":288,"column":67},"skip":true}]},"22":{"line":292,"type":"binary-expr","locations":[{"start":{"line":292,"column":12},"end":{"line":292,"column":50},"skip":true},{"start":{"line":293,"column":12},"end":{"line":293,"column":53},"skip":true}]},"23":{"line":297,"type":"binary-expr","locations":[{"start":{"line":297,"column":12},"end":{"line":297,"column":76},"skip":true},{"start":{"line":298,"column":12},"end":{"line":301,"column":36},"skip":true}]},"24":{"line":303,"type":"binary-expr","locations":[{"start":{"line":303,"column":43},"end":{"line":303,"column":75},"skip":true},{"start":{"line":303,"column":79},"end":{"line":303,"column":81},"skip":true}]},"25":{"line":306,"type":"if","locations":[{"start":{"line":306,"column":8},"end":{"line":306,"column":8},"skip":true},{"start":{"line":306,"column":8},"end":{"line":306,"column":8},"skip":true}]},"26":{"line":310,"type":"if","locations":[{"start":{"line":310,"column":8},"end":{"line":310,"column":8},"skip":true},{"start":{"line":310,"column":8},"end":{"line":310,"column":8},"skip":true}]},"27":{"line":313,"type":"binary-expr","locations":[{"start":{"line":313,"column":27},"end":{"line":313,"column":43},"skip":true},{"start":{"line":313,"column":47},"end":{"line":313,"column":53},"skip":true}]},"28":{"line":317,"type":"if","locations":[{"start":{"line":317,"column":12},"end":{"line":317,"column":12},"skip":true},{"start":{"line":317,"column":12},"end":{"line":317,"column":12},"skip":true}]}},"code":["/*","example.js","","quickstart example","","instruction","    1. save this script as example.js","    2. run the shell command:","        $ npm install npmtest-gulp-bundle-assets && PORT=8081 node example.js","    3. play with the browser-demo on http://127.0.0.1:8081","*/","","","","/* istanbul instrument in package npmtest_gulp_bundle_assets */","/*jslint","    bitwise: true,","    browser: true,","    maxerr: 8,","    maxlen: 96,","    node: true,","    nomen: true,","    regexp: true,","    stupid: true","*/","(function () {","    'use strict';","    var local;","","","","    // run shared js-env code - pre-init","    (function () {","        // init local","        local = {};","        // init modeJs","        local.modeJs = (function () {","            try {","                return typeof navigator.userAgent === 'string' &&","                    typeof document.querySelector('body') === 'object' &&","                    typeof XMLHttpRequest.prototype.open === 'function' &&","                    'browser';","            } catch (errorCaughtBrowser) {","                return module.exports &&","                    typeof process.versions.node === 'string' &&","                    typeof require('http').createServer === 'function' &&","                    'node';","            }","        }());","        // init global","        local.global = local.modeJs === 'browser'","            ? window","            : global;","        // init utility2_rollup","        local = local.global.utility2_rollup || (local.modeJs === 'browser'","            ? local.global.utility2_npmtest_gulp_bundle_assets","            : global.utility2_moduleExports);","        // export local","        local.global.local = local;","    }());","    switch (local.modeJs) {","","","","    // post-init","    // run browser js-env code - post-init","    /* istanbul ignore next */","    case 'browser':","        local.testRunBrowser = function (event) {","            if (!event || (event &&","                    event.currentTarget &&","                    event.currentTarget.className &&","                    event.currentTarget.className.includes &&","                    event.currentTarget.className.includes('onreset'))) {","                // reset output","                Array.from(","                    document.querySelectorAll('body > .resettable')","                ).forEach(function (element) {","                    switch (element.tagName) {","                    case 'INPUT':","                    case 'TEXTAREA':","                        element.value = '';","                        break;","                    default:","                        element.textContent = '';","                    }","                });","            }","            switch (event && event.currentTarget && event.currentTarget.id) {","            case 'testRunButton1':","                // show tests","                if (document.querySelector('#testReportDiv1').style.display === 'none') {","                    document.querySelector('#testReportDiv1').style.display = 'block';","                    document.querySelector('#testRunButton1').textContent =","                        'hide internal test';","                    local.modeTest = true;","                    local.testRunDefault(local);","                // hide tests","                } else {","                    document.querySelector('#testReportDiv1').style.display = 'none';","                    document.querySelector('#testRunButton1').textContent = 'run internal test';","                }","                break;","            // custom-case","            default:","                break;","            }","            if (document.querySelector('#inputTextareaEval1') && (!event || (event &&","                    event.currentTarget &&","                    event.currentTarget.className &&","                    event.currentTarget.className.includes &&","                    event.currentTarget.className.includes('oneval')))) {","                // try to eval input-code","                try {","                    /*jslint evil: true*/","                    eval(document.querySelector('#inputTextareaEval1').value);","                } catch (errorCaught) {","                    console.error(errorCaught);","                }","            }","        };","        // log stderr and stdout to #outputTextareaStdout1","        ['error', 'log'].forEach(function (key) {","            console[key + '_original'] = console[key];","            console[key] = function () {","                var element;","                console[key + '_original'].apply(console, arguments);","                element = document.querySelector('#outputTextareaStdout1');","                if (!element) {","                    return;","                }","                // append text to #outputTextareaStdout1","                element.value += Array.from(arguments).map(function (arg) {","                    return typeof arg === 'string'","                        ? arg","                        : JSON.stringify(arg, null, 4);","                }).join(' ') + '\\n';","                // scroll textarea to bottom","                element.scrollTop = element.scrollHeight;","            };","        });","        // init event-handling","        ['change', 'click', 'keyup'].forEach(function (event) {","            Array.from(document.querySelectorAll('.on' + event)).forEach(function (element) {","                element.addEventListener(event, local.testRunBrowser);","            });","        });","        // run tests","        local.testRunBrowser();","        break;","","","","    // run node js-env code - post-init","    /* istanbul ignore next */","    case 'node':","        // export local","        module.exports = local;","        // require modules","        local.fs = require('fs');","        local.http = require('http');","        local.url = require('url');","        // init assets","        local.assetsDict = local.assetsDict || {};","        /* jslint-ignore-begin */","        local.assetsDict['/assets.index.template.html'] = '\\","<!doctype html>\\n\\","<html lang=\"en\">\\n\\","<head>\\n\\","<meta charset=\"UTF-8\">\\n\\","<meta name=\"viewport\" content=\"width=device-width, initial-scale=1\">\\n\\","<title>{{env.npm_package_name}} (v{{env.npm_package_version}})</title>\\n\\","<style>\\n\\","/*csslint\\n\\","    box-sizing: false,\\n\\","    universal-selector: false\\n\\","*/\\n\\","* {\\n\\","    box-sizing: border-box;\\n\\","}\\n\\","body {\\n\\","    background: #dde;\\n\\","    font-family: Arial, Helvetica, sans-serif;\\n\\","    margin: 2rem;\\n\\","}\\n\\","body > * {\\n\\","    margin-bottom: 1rem;\\n\\","}\\n\\",".utility2FooterDiv {\\n\\","    margin-top: 20px;\\n\\","    text-align: center;\\n\\","}\\n\\","</style>\\n\\","<style>\\n\\","/*csslint\\n\\","*/\\n\\","textarea {\\n\\","    font-family: monospace;\\n\\","    height: 10rem;\\n\\","    width: 100%;\\n\\","}\\n\\","textarea[readonly] {\\n\\","    background: #ddd;\\n\\","}\\n\\","</style>\\n\\","</head>\\n\\","<body>\\n\\","<!-- utility2-comment\\n\\","<div id=\"ajaxProgressDiv1\" style=\"background: #d00; height: 2px; left: 0; margin: 0; padding: 0; position: fixed; top: 0; transition: background 0.5s, width 1.5s; width: 25%;\"></div>\\n\\","utility2-comment -->\\n\\","<h1>\\n\\","<!-- utility2-comment\\n\\","    <a\\n\\","        {{#if env.npm_package_homepage}}\\n\\","        href=\"{{env.npm_package_homepage}}\"\\n\\","        {{/if env.npm_package_homepage}}\\n\\","        target=\"_blank\"\\n\\","    >\\n\\","utility2-comment -->\\n\\","        {{env.npm_package_name}} (v{{env.npm_package_version}})\\n\\","<!-- utility2-comment\\n\\","    </a>\\n\\","utility2-comment -->\\n\\","</h1>\\n\\","<h3>{{env.npm_package_description}}</h3>\\n\\","<!-- utility2-comment\\n\\","<h4><a download href=\"assets.app.js\">download standalone app</a></h4>\\n\\","<button class=\"onclick onreset\" id=\"testRunButton1\">run internal test</button><br>\\n\\","<div id=\"testReportDiv1\" style=\"display: none;\"></div>\\n\\","utility2-comment -->\\n\\","\\n\\","\\n\\","\\n\\","<label>stderr and stdout</label>\\n\\","<textarea class=\"resettable\" id=\"outputTextareaStdout1\" readonly></textarea>\\n\\","<!-- utility2-comment\\n\\","{{#if isRollup}}\\n\\","<script src=\"assets.app.js\"></script>\\n\\","{{#unless isRollup}}\\n\\","utility2-comment -->\\n\\","<script src=\"assets.utility2.rollup.js\"></script>\\n\\","<script src=\"jsonp.utility2._stateInit?callback=window.utility2._stateInit\"></script>\\n\\","<script src=\"assets.npmtest_gulp_bundle_assets.rollup.js\"></script>\\n\\","<script src=\"assets.example.js\"></script>\\n\\","<script src=\"assets.test.js\"></script>\\n\\","<!-- utility2-comment\\n\\","{{/if isRollup}}\\n\\","utility2-comment -->\\n\\","<div class=\"utility2FooterDiv\">\\n\\","    [ this app was created with\\n\\","    <a href=\"https://github.com/kaizhu256/node-utility2\" target=\"_blank\">utility2</a>\\n\\","    ]\\n\\","</div>\\n\\","</body>\\n\\","</html>\\n\\","';","        /* jslint-ignore-end */","        if (local.templateRender) {","            local.assetsDict['/'] = local.templateRender(","                local.assetsDict['/assets.index.template.html'],","                {","                    env: local.objectSetDefault(local.env, {","                        npm_package_description: 'the greatest app in the world!',","                        npm_package_name: 'my-app',","                        npm_package_nameAlias: 'my_app',","                        npm_package_version: '0.0.1'","                    })","                }","            );","        } else {","            local.assetsDict['/'] = local.assetsDict['/assets.index.template.html']","                .replace((/\\{\\{env\\.(\\w+?)\\}\\}/g), function (match0, match1) {","                    // jslint-hack","                    String(match0);","                    switch (match1) {","                    case 'npm_package_description':","                        return 'the greatest app in the world!';","                    case 'npm_package_name':","                        return 'my-app';","                    case 'npm_package_nameAlias':","                        return 'my_app';","                    case 'npm_package_version':","                        return '0.0.1';","                    }","                });","        }","        // run the cli","        if (local.global.utility2_rollup || module !== require.main) {","            break;","        }","        local.assetsDict['/assets.example.js'] =","            local.assetsDict['/assets.example.js'] ||","            local.fs.readFileSync(__filename, 'utf8');","        // bug-workaround - long $npm_package_buildCustomOrg","        /* jslint-ignore-begin */","        local.assetsDict['/assets.npmtest_gulp_bundle_assets.rollup.js'] =","            local.assetsDict['/assets.npmtest_gulp_bundle_assets.rollup.js'] ||","            local.fs.readFileSync(","                local.npmtest_gulp_bundle_assets.__dirname + '/lib.npmtest_gulp_bundle_assets.js',","                'utf8'","            ).replace((/^#!/), '//');","        /* jslint-ignore-end */","        local.assetsDict['/favicon.ico'] = local.assetsDict['/favicon.ico'] || '';","        // if $npm_config_timeout_exit exists,","        // then exit this process after $npm_config_timeout_exit ms","        if (Number(process.env.npm_config_timeout_exit)) {","            setTimeout(process.exit, Number(process.env.npm_config_timeout_exit));","        }","        // start server","        if (local.global.utility2_serverHttp1) {","            break;","        }","        process.env.PORT = process.env.PORT || '8081';","        console.error('server starting on port ' + process.env.PORT);","        local.http.createServer(function (request, response) {","            request.urlParsed = local.url.parse(request.url);","            if (local.assetsDict[request.urlParsed.pathname] !== undefined) {","                response.end(local.assetsDict[request.urlParsed.pathname]);","                return;","            }","            response.statusCode = 404;","            response.end();","        }).listen(process.env.PORT);","        break;","    }","}());",""],"l":{"26":2,"28":2,"33":2,"35":2,"37":2,"38":2,"39":2,"44":1,"51":2,"55":2,"59":2,"61":2,"69":1,"70":2,"76":2,"79":2,"82":2,"83":2,"85":1,"89":2,"92":1,"93":1,"94":1,"96":1,"97":1,"100":1,"101":1,"103":1,"106":1,"108":2,"114":1,"116":1,"118":1,"123":1,"124":2,"125":2,"126":3,"127":3,"128":3,"129":3,"130":1,"133":3,"134":3,"139":3,"143":1,"144":3,"145":1,"149":1,"150":1,"158":1,"160":1,"161":1,"162":1,"164":1,"166":1,"258":1,"259":1,"271":1,"274":6,"275":6,"277":1,"279":2,"281":1,"283":2,"288":1,"289":1,"291":1,"296":1,"303":1,"306":1,"307":1,"310":1,"311":1,"313":1,"314":1,"315":1,"316":1,"317":1,"318":1,"319":1,"321":1,"322":1,"324":1}},"/home/travis/build/npmtest/node-npmtest-gulp-bundle-assets/node_modules/gulp-bundle-assets/index.js":{"path":"/home/travis/build/npmtest/node-npmtest-gulp-bundle-assets/node_modules/gulp-bundle-assets/index.js","s":{"1":1,"2":1,"3":0,"4":0,"5":0,"6":0,"7":0,"8":0,"9":0,"10":0,"11":0,"12":0,"13":0,"14":0,"15":0,"16":0,"17":0,"18":0,"19":0,"20":0,"21":0,"22":0,"23":0,"24":0,"25":0,"26":1,"27":1,"28":1,"29":1},"b":{"1":[0,0],"2":[0,0],"3":[0,0]},"f":{"1":0,"2":0,"3":0},"fnMap":{"1":{"name":"(anonymous_1)","line":14,"loc":{"start":{"line":14,"column":23},"end":{"line":14,"column":42}}},"2":{"name":"(anonymous_2)","line":18,"loc":{"start":{"line":18,"column":29},"end":{"line":18,"column":54}}},"3":{"name":"_write","line":23,"loc":{"start":{"line":23,"column":20},"end":{"line":23,"column":58}}}},"statementMap":{"1":{"start":{"line":1,"column":0},"end":{"line":12,"column":33}},"2":{"start":{"line":14,"column":0},"end":{"line":54,"column":2}},"3":{"start":{"line":15,"column":2},"end":{"line":15,"column":26}},"4":{"start":{"line":17,"column":2},"end":{"line":17,"column":65}},"5":{"start":{"line":18,"column":2},"end":{"line":21,"column":5}},"6":{"start":{"line":19,"column":4},"end":{"line":19,"column":20}},"7":{"start":{"line":20,"column":4},"end":{"line":20,"column":9}},"8":{"start":{"line":23,"column":2},"end":{"line":51,"column":4}},"9":{"start":{"line":25,"column":4},"end":{"line":25,"column":15}},"10":{"start":{"line":27,"column":4},"end":{"line":30,"column":5}},"11":{"start":{"line":28,"column":6},"end":{"line":28,"column":22}},"12":{"start":{"line":29,"column":6},"end":{"line":29,"column":20}},"13":{"start":{"line":32,"column":4},"end":{"line":35,"column":5}},"14":{"start":{"line":33,"column":6},"end":{"line":33,"column":97}},"15":{"start":{"line":34,"column":6},"end":{"line":34,"column":20}},"16":{"start":{"line":37,"column":4},"end":{"line":44,"column":5}},"17":{"start":{"line":38,"column":6},"end":{"line":38,"column":46}},"18":{"start":{"line":40,"column":6},"end":{"line":40,"column":96}},"19":{"start":{"line":41,"column":6},"end":{"line":41,"column":20}},"20":{"start":{"line":42,"column":6},"end":{"line":42,"column":73}},"21":{"start":{"line":43,"column":6},"end":{"line":43,"column":20}},"22":{"start":{"line":46,"column":4},"end":{"line":46,"column":32}},"23":{"start":{"line":48,"column":4},"end":{"line":49,"column":22}},"24":{"start":{"line":50,"column":4},"end":{"line":50,"column":18}},"25":{"start":{"line":53,"column":2},"end":{"line":53,"column":38}},"26":{"start":{"line":56,"column":0},"end":{"line":56,"column":39}},"27":{"start":{"line":57,"column":0},"end":{"line":57,"column":51}},"28":{"start":{"line":58,"column":0},"end":{"line":58,"column":31}},"29":{"start":{"line":60,"column":0},"end":{"line":60,"column":34}}},"branchMap":{"1":{"line":15,"type":"binary-expr","locations":[{"start":{"line":15,"column":12},"end":{"line":15,"column":19}},{"start":{"line":15,"column":23},"end":{"line":15,"column":25}}]},"2":{"line":27,"type":"if","locations":[{"start":{"line":27,"column":4},"end":{"line":27,"column":4}},{"start":{"line":27,"column":4},"end":{"line":27,"column":4}}]},"3":{"line":32,"type":"if","locations":[{"start":{"line":32,"column":4},"end":{"line":32,"column":4}},{"start":{"line":32,"column":4},"end":{"line":32,"column":4}}]}},"code":["var through = require('through2'),","  gutil = require('gulp-util'),","  cache = require('./lib/service/cache'),","  logger = require('./lib/service/logger'),","  readableStream = require('readable-stream'),","  duplexer = require('duplexer2'),","  mergeStream = require('merge-stream'),","  streamBundles = require('./lib/stream-bundles'),","  results = require('./lib/results'),","  transformHelper = require('./lib/transform_helper'),","  ConfigModel = require('./lib/model/config'),","  watch = require('./lib/watch');","","var gulpBundleAssets = function (options) {","  options = options || {};","","  var writable = new readableStream.Writable({objectMode: true});","  var readable = through.obj(function (file, enc, cb) { // noop","    this.push(file);","    cb();","  });","","  writable._write = function _write(file, encoding, done) {","","    var config;","","    if (file.isNull()) {","      this.push(file);","      return done();","    }","","    if (file.isStream()) {","      this.emit('error', new gutil.PluginError('gulp-bundle-assets', 'Streaming not supported'));","      return done();","    }","","    try {","      config = new ConfigModel(file, options);","    } catch (e) {","      logger.log(gutil.colors.red('Failed to parse config file:'), gutil.colors.red(file.path));","      logger.log(e);","      this.emit('error', new gutil.PluginError('gulp-bundle-assets', e));","      return done();","    }","","    cache.set('config', config);","","    mergeStream.apply(mergeStream, streamBundles(config))","      .pipe(readable);","    return done();","  };","","  return duplexer(writable, readable);","};","","gulpBundleAssets.results = results.all;","gulpBundleAssets.transformHelper = transformHelper;","gulpBundleAssets.watch = watch;","","module.exports = gulpBundleAssets;"],"l":{"1":1,"14":1,"15":0,"17":0,"18":0,"19":0,"20":0,"23":0,"25":0,"27":0,"28":0,"29":0,"32":0,"33":0,"34":0,"37":0,"38":0,"40":0,"41":0,"42":0,"43":0,"46":0,"48":0,"50":0,"53":0,"56":1,"57":1,"58":1,"60":1}},"/home/travis/build/npmtest/node-npmtest-gulp-bundle-assets/node_modules/gulp-bundle-assets/lib/service/cache.js":{"path":"/home/travis/build/npmtest/node-npmtest-gulp-bundle-assets/node_modules/gulp-bundle-assets/lib/service/cache.js","s":{"1":1,"2":1,"3":1,"4":0,"5":1,"6":0,"7":1},"b":{},"f":{"1":1,"2":0,"3":0},"fnMap":{"1":{"name":"Cache","line":1,"loc":{"start":{"line":1,"column":0},"end":{"line":1,"column":17}}},"2":{"name":"(anonymous_2)","line":5,"loc":{"start":{"line":5,"column":22},"end":{"line":5,"column":44}}},"3":{"name":"(anonymous_3)","line":9,"loc":{"start":{"line":9,"column":22},"end":{"line":9,"column":37}}}},"statementMap":{"1":{"start":{"line":1,"column":0},"end":{"line":3,"column":1}},"2":{"start":{"line":2,"column":2},"end":{"line":2,"column":19}},"3":{"start":{"line":5,"column":0},"end":{"line":7,"column":2}},"4":{"start":{"line":6,"column":2},"end":{"line":6,"column":27}},"5":{"start":{"line":9,"column":0},"end":{"line":11,"column":2}},"6":{"start":{"line":10,"column":2},"end":{"line":10,"column":26}},"7":{"start":{"line":14,"column":0},"end":{"line":14,"column":29}}},"branchMap":{},"code":["function Cache() {","  this._cache = {};","}","","Cache.prototype.set = function (key, value) {","  this._cache[key] = value;","};","","Cache.prototype.get = function (key) {","  return this._cache[key];","};","","// naturally a singleton because node's require caches the value assigned to module.exports","module.exports = new Cache();"],"l":{"1":1,"2":1,"5":1,"6":0,"9":1,"10":0,"14":1}},"/home/travis/build/npmtest/node-npmtest-gulp-bundle-assets/node_modules/gulp-bundle-assets/lib/service/logger.js":{"path":"/home/travis/build/npmtest/node-npmtest-gulp-bundle-assets/node_modules/gulp-bundle-assets/lib/service/logger.js","s":{"1":1,"2":1,"3":1,"4":0,"5":0,"6":0,"7":1},"b":{"1":[0,0],"2":[0,0,0]},"f":{"1":1,"2":0},"fnMap":{"1":{"name":"Logger","line":4,"loc":{"start":{"line":4,"column":0},"end":{"line":4,"column":18}}},"2":{"name":"(anonymous_2)","line":7,"loc":{"start":{"line":7,"column":23},"end":{"line":7,"column":35}}}},"statementMap":{"1":{"start":{"line":1,"column":0},"end":{"line":2,"column":29}},"2":{"start":{"line":4,"column":0},"end":{"line":5,"column":1}},"3":{"start":{"line":7,"column":0},"end":{"line":13,"column":2}},"4":{"start":{"line":8,"column":2},"end":{"line":8,"column":35}},"5":{"start":{"line":9,"column":2},"end":{"line":12,"column":3}},"6":{"start":{"line":11,"column":4},"end":{"line":11,"column":42}},"7":{"start":{"line":16,"column":0},"end":{"line":16,"column":30}}},"branchMap":{"1":{"line":9,"type":"if","locations":[{"start":{"line":9,"column":2},"end":{"line":9,"column":2}},{"start":{"line":9,"column":2},"end":{"line":9,"column":2}}]},"2":{"line":9,"type":"binary-expr","locations":[{"start":{"line":9,"column":6},"end":{"line":9,"column":13}},{"start":{"line":9,"column":17},"end":{"line":9,"column":32}},{"start":{"line":9,"column":36},"end":{"line":9,"column":69}}]}},"code":["var gutil = require('gulp-util'),","  cache = require('./cache');","","function Logger() {","}","","Logger.prototype.log = function () {","  var config = cache.get('config');","  if (!config || !config.options || config.options.quietMode !== true) {","    // replace with gulp logger once it's done? https://github.com/gulpjs/gulp-util/issues/33","    gutil.log.apply(gutil.log, arguments);","  }","};","","// naturally a singleton because node's require caches the value assigned to module.exports","module.exports = new Logger();"],"l":{"1":1,"4":1,"7":1,"8":0,"9":0,"11":0,"16":1}},"/home/travis/build/npmtest/node-npmtest-gulp-bundle-assets/node_modules/gulp-bundle-assets/lib/stream-bundles.js":{"path":"/home/travis/build/npmtest/node-npmtest-gulp-bundle-assets/node_modules/gulp-bundle-assets/lib/stream-bundles.js","s":{"1":1,"2":1,"3":0,"4":0,"5":0,"6":0,"7":0,"8":0,"9":0,"10":0,"11":0,"12":0,"13":0,"14":0,"15":1,"16":0,"17":0,"18":0,"19":0,"20":0,"21":0,"22":0,"23":0,"24":0,"25":0,"26":1,"27":0,"28":0,"29":0,"30":0,"31":0,"32":0,"33":0,"34":0,"35":0,"36":1},"b":{"1":[0,0],"2":[0,0],"3":[0,0],"4":[0,0],"5":[0,0],"6":[0,0],"7":[0,0],"8":[0,0],"9":[0,0],"10":[0,0],"11":[0,0],"12":[0,0],"13":[0,0],"14":[0,0],"15":[0,0]},"f":{"1":0,"2":0,"3":0,"4":0,"5":0,"6":0},"fnMap":{"1":{"name":"_bundle","line":14,"loc":{"start":{"line":14,"column":0},"end":{"line":14,"column":30}}},"2":{"name":"(anonymous_2)","line":25,"loc":{"start":{"line":25,"column":34},"end":{"line":25,"column":56}}},"3":{"name":"(anonymous_3)","line":30,"loc":{"start":{"line":30,"column":43},"end":{"line":30,"column":59}}},"4":{"name":"_copy","line":61,"loc":{"start":{"line":61,"column":0},"end":{"line":61,"column":23}}},"5":{"name":"(anonymous_5)","line":69,"loc":{"start":{"line":69,"column":20},"end":{"line":69,"column":36}}},"6":{"name":"bundle","line":82,"loc":{"start":{"line":82,"column":0},"end":{"line":82,"column":24}}}},"statementMap":{"1":{"start":{"line":1,"column":0},"end":{"line":12,"column":55}},"2":{"start":{"line":14,"column":0},"end":{"line":59,"column":1}},"3":{"start":{"line":15,"column":2},"end":{"line":19,"column":67}},"4":{"start":{"line":21,"column":2},"end":{"line":23,"column":3}},"5":{"start":{"line":22,"column":4},"end":{"line":22,"column":67}},"6":{"start":{"line":25,"column":2},"end":{"line":56,"column":5}},"7":{"start":{"line":27,"column":4},"end":{"line":27,"column":45}},"8":{"start":{"line":28,"column":4},"end":{"line":28,"column":39}},"9":{"start":{"line":30,"column":4},"end":{"line":54,"column":7}},"10":{"start":{"line":33,"column":6},"end":{"line":51,"column":7}},"11":{"start":{"line":34,"column":8},"end":{"line":44,"column":12}},"12":{"start":{"line":45,"column":13},"end":{"line":51,"column":7}},"13":{"start":{"line":48,"column":8},"end":{"line":50,"column":98}},"14":{"start":{"line":58,"column":2},"end":{"line":58,"column":17}},"15":{"start":{"line":61,"column":0},"end":{"line":79,"column":1}},"16":{"start":{"line":62,"column":2},"end":{"line":64,"column":56}},"17":{"start":{"line":66,"column":2},"end":{"line":76,"column":3}},"18":{"start":{"line":67,"column":4},"end":{"line":67,"column":61}},"19":{"start":{"line":68,"column":9},"end":{"line":76,"column":3}},"20":{"start":{"line":69,"column":4},"end":{"line":71,"column":7}},"21":{"start":{"line":70,"column":6},"end":{"line":70,"column":57}},"22":{"start":{"line":72,"column":9},"end":{"line":76,"column":3}},"23":{"start":{"line":73,"column":4},"end":{"line":73,"column":61}},"24":{"start":{"line":75,"column":4},"end":{"line":75,"column":45}},"25":{"start":{"line":78,"column":2},"end":{"line":78,"column":17}},"26":{"start":{"line":82,"column":0},"end":{"line":100,"column":1}},"27":{"start":{"line":83,"column":2},"end":{"line":83,"column":19}},"28":{"start":{"line":85,"column":2},"end":{"line":91,"column":3}},"29":{"start":{"line":86,"column":4},"end":{"line":90,"column":5}},"30":{"start":{"line":87,"column":6},"end":{"line":87,"column":71}},"31":{"start":{"line":89,"column":6},"end":{"line":89,"column":70}},"32":{"start":{"line":93,"column":2},"end":{"line":93,"column":51}},"33":{"start":{"line":95,"column":2},"end":{"line":97,"column":3}},"34":{"start":{"line":96,"column":4},"end":{"line":96,"column":44}},"35":{"start":{"line":99,"column":2},"end":{"line":99,"column":17}},"36":{"start":{"line":102,"column":0},"end":{"line":102,"column":24}}},"branchMap":{"1":{"line":17,"type":"binary-expr","locations":[{"start":{"line":17,"column":18},"end":{"line":17,"column":32}},{"start":{"line":17,"column":36},"end":{"line":17,"column":72}}]},"2":{"line":18,"type":"cond-expr","locations":[{"start":{"line":18,"column":30},"end":{"line":18,"column":49}},{"start":{"line":18,"column":52},"end":{"line":18,"column":55}}]},"3":{"line":19,"type":"cond-expr","locations":[{"start":{"line":19,"column":39},"end":{"line":19,"column":61}},{"start":{"line":19,"column":64},"end":{"line":19,"column":66}}]},"4":{"line":21,"type":"if","locations":[{"start":{"line":21,"column":2},"end":{"line":21,"column":2}},{"start":{"line":21,"column":2},"end":{"line":21,"column":2}}]},"5":{"line":33,"type":"if","locations":[{"start":{"line":33,"column":6},"end":{"line":33,"column":6}},{"start":{"line":33,"column":6},"end":{"line":33,"column":6}}]},"6":{"line":33,"type":"binary-expr","locations":[{"start":{"line":33,"column":10},"end":{"line":33,"column":37}},{"start":{"line":33,"column":41},"end":{"line":33,"column":67}}]},"7":{"line":45,"type":"if","locations":[{"start":{"line":45,"column":13},"end":{"line":45,"column":13}},{"start":{"line":45,"column":13},"end":{"line":45,"column":13}}]},"8":{"line":64,"type":"cond-expr","locations":[{"start":{"line":64,"column":30},"end":{"line":64,"column":49}},{"start":{"line":64,"column":52},"end":{"line":64,"column":55}}]},"9":{"line":66,"type":"if","locations":[{"start":{"line":66,"column":2},"end":{"line":66,"column":2}},{"start":{"line":66,"column":2},"end":{"line":66,"column":2}}]},"10":{"line":68,"type":"if","locations":[{"start":{"line":68,"column":9},"end":{"line":68,"column":9}},{"start":{"line":68,"column":9},"end":{"line":68,"column":9}}]},"11":{"line":72,"type":"if","locations":[{"start":{"line":72,"column":9},"end":{"line":72,"column":9}},{"start":{"line":72,"column":9},"end":{"line":72,"column":9}}]},"12":{"line":85,"type":"if","locations":[{"start":{"line":85,"column":2},"end":{"line":85,"column":2}},{"start":{"line":85,"column":2},"end":{"line":85,"column":2}}]},"13":{"line":86,"type":"if","locations":[{"start":{"line":86,"column":4},"end":{"line":86,"column":4}},{"start":{"line":86,"column":4},"end":{"line":86,"column":4}}]},"14":{"line":86,"type":"binary-expr","locations":[{"start":{"line":86,"column":8},"end":{"line":86,"column":22}},{"start":{"line":86,"column":26},"end":{"line":86,"column":62}}]},"15":{"line":95,"type":"if","locations":[{"start":{"line":95,"column":2},"end":{"line":95,"column":2}},{"start":{"line":95,"column":2},"end":{"line":95,"column":2}}]}},"code":["var util = require('util'),","  BundleKeys = require('./model/bundle-keys'),","  gutil = require('gulp-util'),","  logger = require('./service/logger'),","  _ = require('lodash'),","  pathifySrc = require('./pathify-config-src'),","  stringHelper = require('./string-helper'),","  bundleAllEnvironments = require('./bundle-all-environments'),","  initOptionDefaults = require('./init-option-defaults'),","  streamFiles = require('./stream-files'),","  streamCopy = require('./stream-copy'),","  streamBundlesUtil = require('./stream-bundles-util');","","function _bundle(config, env) {","  var streams = [],","    bundles = config.bundle,","    isBundleAll = config.options && config.options.bundleAllEnvironments,","    base = (config.options) ? config.options.base : '.', // can guarantee !!options b/c (config instanceof Config)","    minSrcs = (config.getAllMinSrcs) ? config.getAllMinSrcs() : {};","","  if (env) {","    logger.log('Creating bundle(s) for environment \"' + env + '\"');","  }","","  _.forEach(Object.keys(bundles), function (bundleName) {","","    var namedBundleObj = bundles[bundleName];","    initOptionDefaults(namedBundleObj);","","    _.forEach(Object.keys(namedBundleObj), function (type) {","","      /* jshint -W035 */","      if (type === BundleKeys.SCRIPTS || type === BundleKeys.STYLES) {","        streams.push(streamFiles[type]({","          src: pathifySrc(namedBundleObj[type], base, namedBundleObj[BundleKeys.OPTIONS], env),","          base: base,","          env: env,","          type: type,","          bundleName: bundleName,","          bundleOptions: namedBundleObj[BundleKeys.OPTIONS],","          bundleOrder: Object.keys(bundles),","          isBundleAll: isBundleAll,","          minSrcs: minSrcs","        }));","      } else if (type === BundleKeys.OPTIONS) {","        // ok","      } else {","        throw new gutil.PluginError('gulp-bundle-assets', 'Unsupported object key found: \"bundle.' +","          bundleName + '.' + type + '\". Supported types are \"' +","          BundleKeys.SCRIPTS + '\", \"' + BundleKeys.STYLES + '\" and \"' + BundleKeys.OPTIONS + '\"');","      }","      /* jshint +W035 */","","    });","","  });","","  return streams;","}","","function _copy(config) {","  var streams = [],","    copy = config.copy,","    base = (config.options) ? config.options.base : '.'; // can guarantee !!options b/c (config instanceof Config)","","  if (typeof copy === 'string') {","    streams.push(streamCopy.getStringCopyStream(copy, base));","  } else if (util.isArray(copy)) {","    _.forEach(copy, function (item) {","      streams.push(streamCopy.getCopyStream(item, base));","    });","  } else if (typeof copy === 'object') {","    streams.push(streamCopy.getObjectCopyStream(copy, base));","  } else {","    streamCopy.throwUnsupportedSyntaxError();","  }","","  return streams;","}","","","function bundle(config) {","  var streams = [];","","  if (config.bundle) {","    if (config.options && config.options.bundleAllEnvironments) { // can guarantee !!options b/c (config instanceof Config)","      streams = streams.concat(bundleAllEnvironments(config, _bundle));","    } else {","      streams = streams.concat(_bundle(config, process.env.NODE_ENV));","    }","  }","","  streamBundlesUtil.warnIfNoBundleProperty(config);","","  if (config.copy) {","    streams = streams.concat(_copy(config));","  }","","  return streams;","}","","module.exports = bundle;",""],"l":{"1":1,"14":1,"15":0,"21":0,"22":0,"25":0,"27":0,"28":0,"30":0,"33":0,"34":0,"45":0,"48":0,"58":0,"61":1,"62":0,"66":0,"67":0,"68":0,"69":0,"70":0,"72":0,"73":0,"75":0,"78":0,"82":1,"83":0,"85":0,"86":0,"87":0,"89":0,"93":0,"95":0,"96":0,"99":0,"102":1}},"/home/travis/build/npmtest/node-npmtest-gulp-bundle-assets/node_modules/gulp-bundle-assets/lib/model/bundle-keys.js":{"path":"/home/travis/build/npmtest/node-npmtest-gulp-bundle-assets/node_modules/gulp-bundle-assets/lib/model/bundle-keys.js","s":{"1":1,"2":1},"b":{},"f":{},"fnMap":{},"statementMap":{"1":{"start":{"line":1,"column":0},"end":{"line":1,"column":42}},"2":{"start":{"line":2,"column":0},"end":{"line":4,"column":29}}},"branchMap":{},"code":["var defaults = require('lodash').defaults;","module.exports = defaults({","  OPTIONS: 'options'","}, require('./bundle-type'));"],"l":{"1":1,"2":1}},"/home/travis/build/npmtest/node-npmtest-gulp-bundle-assets/node_modules/gulp-bundle-assets/lib/model/bundle-type.js":{"path":"/home/travis/build/npmtest/node-npmtest-gulp-bundle-assets/node_modules/gulp-bundle-assets/lib/model/bundle-type.js","s":{"1":1},"b":{},"f":{},"fnMap":{},"statementMap":{"1":{"start":{"line":1,"column":0},"end":{"line":4,"column":2}}},"branchMap":{},"code":["module.exports = {","  SCRIPTS: 'scripts',","  STYLES: 'styles'","};"],"l":{"1":1}},"/home/travis/build/npmtest/node-npmtest-gulp-bundle-assets/node_modules/gulp-bundle-assets/lib/pathify-config-src.js":{"path":"/home/travis/build/npmtest/node-npmtest-gulp-bundle-assets/node_modules/gulp-bundle-assets/lib/pathify-config-src.js","s":{"1":1,"2":1,"3":0,"4":0,"5":0,"6":1,"7":0,"8":0,"9":0,"10":0,"11":0,"12":0,"13":0,"14":0,"15":0,"16":0,"17":0,"18":1,"19":0,"20":0,"21":0,"22":0,"23":0,"24":0,"25":0,"26":0,"27":0,"28":0,"29":0,"30":0,"31":0,"32":0,"33":0,"34":0,"35":0,"36":0,"37":0,"38":0,"39":1,"40":0,"41":0,"42":0,"43":0,"44":0,"45":0},"b":{"1":[0,0],"2":[0,0],"3":[0,0],"4":[0,0],"5":[0,0],"6":[0,0],"7":[0,0],"8":[0,0],"9":[0,0,0],"10":[0,0],"11":[0,0],"12":[0,0],"13":[0,0],"14":[0,0],"15":[0,0],"16":[0,0],"17":[0,0],"18":[0,0],"19":[0,0],"20":[0,0],"21":[0,0],"22":[0,0],"23":[0,0],"24":[0,0]},"f":{"1":0,"2":0,"3":0,"4":0},"fnMap":{"1":{"name":"stringSrc","line":6,"loc":{"start":{"line":6,"column":0},"end":{"line":6,"column":30}}},"2":{"name":"arrayOrStringSrc","line":13,"loc":{"start":{"line":13,"column":0},"end":{"line":13,"column":51}}},"3":{"name":"objectSrc","line":31,"loc":{"start":{"line":31,"column":0},"end":{"line":31,"column":44}}},"4":{"name":"(anonymous_4)","line":70,"loc":{"start":{"line":70,"column":17},"end":{"line":70,"column":52}}}},"statementMap":{"1":{"start":{"line":1,"column":0},"end":{"line":4,"column":44}},"2":{"start":{"line":6,"column":0},"end":{"line":11,"column":1}},"3":{"start":{"line":7,"column":2},"end":{"line":9,"column":3}},"4":{"start":{"line":8,"column":4},"end":{"line":8,"column":32}},"5":{"start":{"line":10,"column":2},"end":{"line":10,"column":13}},"6":{"start":{"line":13,"column":0},"end":{"line":29,"column":1}},"7":{"start":{"line":14,"column":2},"end":{"line":27,"column":3}},"8":{"start":{"line":15,"column":4},"end":{"line":15,"column":32}},"9":{"start":{"line":16,"column":9},"end":{"line":27,"column":3}},"10":{"start":{"line":17,"column":4},"end":{"line":25,"column":5}},"11":{"start":{"line":18,"column":6},"end":{"line":24,"column":7}},"12":{"start":{"line":19,"column":8},"end":{"line":19,"column":55}},"13":{"start":{"line":20,"column":13},"end":{"line":24,"column":7}},"14":{"start":{"line":21,"column":8},"end":{"line":21,"column":41}},"15":{"start":{"line":23,"column":8},"end":{"line":23,"column":117}},"16":{"start":{"line":26,"column":4},"end":{"line":26,"column":15}},"17":{"start":{"line":28,"column":2},"end":{"line":28,"column":110}},"18":{"start":{"line":31,"column":0},"end":{"line":58,"column":1}},"19":{"start":{"line":32,"column":2},"end":{"line":56,"column":3}},"20":{"start":{"line":33,"column":4},"end":{"line":33,"column":74}},"21":{"start":{"line":34,"column":9},"end":{"line":56,"column":3}},"22":{"start":{"line":35,"column":4},"end":{"line":40,"column":5}},"23":{"start":{"line":36,"column":6},"end":{"line":38,"column":7}},"24":{"start":{"line":37,"column":8},"end":{"line":37,"column":108}},"25":{"start":{"line":39,"column":6},"end":{"line":39,"column":62}},"26":{"start":{"line":41,"column":9},"end":{"line":56,"column":3}},"27":{"start":{"line":42,"column":4},"end":{"line":54,"column":5}},"28":{"start":{"line":43,"column":6},"end":{"line":45,"column":7}},"29":{"start":{"line":44,"column":8},"end":{"line":44,"column":64}},"30":{"start":{"line":46,"column":6},"end":{"line":46,"column":59}},"31":{"start":{"line":47,"column":11},"end":{"line":54,"column":5}},"32":{"start":{"line":48,"column":6},"end":{"line":50,"column":7}},"33":{"start":{"line":49,"column":8},"end":{"line":49,"column":64}},"34":{"start":{"line":51,"column":6},"end":{"line":51,"column":59}},"35":{"start":{"line":52,"column":11},"end":{"line":54,"column":5}},"36":{"start":{"line":53,"column":6},"end":{"line":53,"column":59}},"37":{"start":{"line":55,"column":4},"end":{"line":55,"column":60}},"38":{"start":{"line":57,"column":2},"end":{"line":57,"column":55}},"39":{"start":{"line":70,"column":0},"end":{"line":78,"column":2}},"40":{"start":{"line":71,"column":2},"end":{"line":71,"column":33}},"41":{"start":{"line":72,"column":2},"end":{"line":76,"column":3}},"42":{"start":{"line":73,"column":4},"end":{"line":73,"column":57}},"43":{"start":{"line":74,"column":9},"end":{"line":76,"column":3}},"44":{"start":{"line":75,"column":4},"end":{"line":75,"column":50}},"45":{"start":{"line":77,"column":2},"end":{"line":77,"column":122}}},"branchMap":{"1":{"line":7,"type":"if","locations":[{"start":{"line":7,"column":2},"end":{"line":7,"column":2}},{"start":{"line":7,"column":2},"end":{"line":7,"column":2}}]},"2":{"line":7,"type":"binary-expr","locations":[{"start":{"line":7,"column":6},"end":{"line":7,"column":10}},{"start":{"line":7,"column":14},"end":{"line":7,"column":26}}]},"3":{"line":14,"type":"if","locations":[{"start":{"line":14,"column":2},"end":{"line":14,"column":2}},{"start":{"line":14,"column":2},"end":{"line":14,"column":2}}]},"4":{"line":16,"type":"if","locations":[{"start":{"line":16,"column":9},"end":{"line":16,"column":9}},{"start":{"line":16,"column":9},"end":{"line":16,"column":9}}]},"5":{"line":18,"type":"if","locations":[{"start":{"line":18,"column":6},"end":{"line":18,"column":6}},{"start":{"line":18,"column":6},"end":{"line":18,"column":6}}]},"6":{"line":18,"type":"binary-expr","locations":[{"start":{"line":18,"column":10},"end":{"line":18,"column":16}},{"start":{"line":18,"column":20},"end":{"line":18,"column":46}}]},"7":{"line":20,"type":"if","locations":[{"start":{"line":20,"column":13},"end":{"line":20,"column":13}},{"start":{"line":20,"column":13},"end":{"line":20,"column":13}}]},"8":{"line":32,"type":"if","locations":[{"start":{"line":32,"column":2},"end":{"line":32,"column":2}},{"start":{"line":32,"column":2},"end":{"line":32,"column":2}}]},"9":{"line":32,"type":"binary-expr","locations":[{"start":{"line":32,"column":6},"end":{"line":32,"column":13}},{"start":{"line":32,"column":17},"end":{"line":32,"column":25}},{"start":{"line":32,"column":29},"end":{"line":32,"column":53}}]},"10":{"line":34,"type":"if","locations":[{"start":{"line":34,"column":9},"end":{"line":34,"column":9}},{"start":{"line":34,"column":9},"end":{"line":34,"column":9}}]},"11":{"line":35,"type":"if","locations":[{"start":{"line":35,"column":4},"end":{"line":35,"column":4}},{"start":{"line":35,"column":4},"end":{"line":35,"column":4}}]},"12":{"line":36,"type":"if","locations":[{"start":{"line":36,"column":6},"end":{"line":36,"column":6}},{"start":{"line":36,"column":6},"end":{"line":36,"column":6}}]},"13":{"line":41,"type":"if","locations":[{"start":{"line":41,"column":9},"end":{"line":41,"column":9}},{"start":{"line":41,"column":9},"end":{"line":41,"column":9}}]},"14":{"line":42,"type":"if","locations":[{"start":{"line":42,"column":4},"end":{"line":42,"column":4}},{"start":{"line":42,"column":4},"end":{"line":42,"column":4}}]},"15":{"line":43,"type":"if","locations":[{"start":{"line":43,"column":6},"end":{"line":43,"column":6}},{"start":{"line":43,"column":6},"end":{"line":43,"column":6}}]},"16":{"line":43,"type":"binary-expr","locations":[{"start":{"line":43,"column":10},"end":{"line":43,"column":32}},{"start":{"line":43,"column":36},"end":{"line":43,"column":46}}]},"17":{"line":47,"type":"if","locations":[{"start":{"line":47,"column":11},"end":{"line":47,"column":11}},{"start":{"line":47,"column":11},"end":{"line":47,"column":11}}]},"18":{"line":48,"type":"if","locations":[{"start":{"line":48,"column":6},"end":{"line":48,"column":6}},{"start":{"line":48,"column":6},"end":{"line":48,"column":6}}]},"19":{"line":48,"type":"binary-expr","locations":[{"start":{"line":48,"column":10},"end":{"line":48,"column":41}},{"start":{"line":48,"column":45},"end":{"line":48,"column":55}}]},"20":{"line":52,"type":"if","locations":[{"start":{"line":52,"column":11},"end":{"line":52,"column":11}},{"start":{"line":52,"column":11},"end":{"line":52,"column":11}}]},"21":{"line":72,"type":"if","locations":[{"start":{"line":72,"column":2},"end":{"line":72,"column":2}},{"start":{"line":72,"column":2},"end":{"line":72,"column":2}}]},"22":{"line":72,"type":"binary-expr","locations":[{"start":{"line":72,"column":6},"end":{"line":72,"column":33}},{"start":{"line":72,"column":37},"end":{"line":72,"column":58}}]},"23":{"line":74,"type":"if","locations":[{"start":{"line":74,"column":9},"end":{"line":74,"column":9}},{"start":{"line":74,"column":9},"end":{"line":74,"column":9}}]},"24":{"line":74,"type":"binary-expr","locations":[{"start":{"line":74,"column":13},"end":{"line":74,"column":20}},{"start":{"line":74,"column":24},"end":{"line":74,"column":51}}]}},"code":["var path = require('path'),","  util = require('util'),","  _ = require('lodash'),","  ERROR_MSG_PREFIX = 'Config parse error. ';","","function stringSrc(src, base) {","  if (base && base !== '.') {","    return path.join(base, src);","  }","  return src;","}","","function arrayOrStringSrc(src, base, options, env) {","  if (typeof src === 'string') {","    return stringSrc(src, base);","  } else if (util.isArray(src)) {","    for (var i = 0; i < src.length; i++) {","      if (src[i] && typeof src[i] === 'object') { // typeof null === 'object'","        src[i] = objectSrc(src[i], base, options, env);","      } else if (typeof src[i] === 'string') {","        src[i] = stringSrc(src[i], base);","      } else {","        throw new Error(ERROR_MSG_PREFIX + 'Invalid bundle glob detected. Expected string or object but got ' + src);","      }","    }","    return src;","  }","  throw new Error(ERROR_MSG_PREFIX + 'Invalid bundle glob detected. Expected string or array but got ' + src);","}","","function objectSrc(src, base, options, env) {","  if (options && !src.src && options.useMin === false) {","    throw new Error(ERROR_MSG_PREFIX + 'useMin=false but no src defined');","  } else if (!options) {","    if (!src.src) {","      if (!src.minSrc) {"
[...]
":{"line":89,"column":10},"end":{"line":89,"column":101}},"26":{"start":{"line":91,"column":10},"end":{"line":91,"column":137}},"27":{"start":{"line":93,"column":10},"end":{"line":115,"column":15}},"28":{"start":{"line":96,"column":14},"end":{"line":96,"column":43}},"29":{"start":{"line":98,"column":14},"end":{"line":113,"column":20}},"30":{"start":{"line":112,"column":18},"end":{"line":112,"column":60}},"31":{"start":{"line":118,"column":13},"end":{"line":124,"column":7}},"32":{"start":{"line":121,"column":8},"end":{"line":123,"column":98}},"33":{"start":{"line":133,"column":0},"end":{"line":139,"column":1}},"34":{"start":{"line":134,"column":2},"end":{"line":138,"column":7}},"35":{"start":{"line":136,"column":6},"end":{"line":137,"column":46}},"36":{"start":{"line":141,"column":0},"end":{"line":148,"column":1}},"37":{"start":{"line":142,"column":2},"end":{"line":142,"column":45}},"38":{"start":{"line":143,"column":2},"end":{"line":147,"column":7}},"39":{"start":{"line":145,"column":6},"end":{"line":146,"column":46}},"40":{"start":{"line":150,"column":0},"end":{"line":172,"column":1}},"41":{"start":{"line":151,"column":2},"end":{"line":151,"column":58}},"42":{"start":{"line":153,"column":2},"end":{"line":153,"column":83}},"43":{"start":{"line":155,"column":2},"end":{"line":171,"column":3}},"44":{"start":{"line":156,"column":4},"end":{"line":156,"column":53}},"45":{"start":{"line":157,"column":9},"end":{"line":171,"column":3}},"46":{"start":{"line":158,"column":4},"end":{"line":166,"column":7}},"47":{"start":{"line":159,"column":6},"end":{"line":164,"column":7}},"48":{"start":{"line":160,"column":8},"end":{"line":160,"column":57}},"49":{"start":{"line":161,"column":13},"end":{"line":164,"column":7}},"50":{"start":{"line":163,"column":8},"end":{"line":163,"column":57}},"51":{"start":{"line":165,"column":6},"end":{"line":165,"column":47}},"52":{"start":{"line":167,"column":9},"end":{"line":171,"column":3}},"53":{"start":{"line":168,"column":4},"end":{"line":168,"column":53}},"54":{"start":{"line":170,"column":4},"end":{"line":170,"column":45}},"55":{"start":{"line":174,"column":0},"end":{"line":189,"column":1}},"56":{"start":{"line":176,"column":2},"end":{"line":182,"column":3}},"57":{"start":{"line":177,"column":4},"end":{"line":181,"column":5}},"58":{"start":{"line":178,"column":6},"end":{"line":178,"column":45}},"59":{"start":{"line":180,"column":6},"end":{"line":180,"column":44}},"60":{"start":{"line":184,"column":2},"end":{"line":184,"column":51}},"61":{"start":{"line":186,"column":2},"end":{"line":188,"column":3}},"62":{"start":{"line":187,"column":4},"end":{"line":187,"column":18}},"63":{"start":{"line":191,"column":0},"end":{"line":191,"column":24}}},"branchMap":{"1":{"line":23,"type":"binary-expr","locations":[{"start":{"line":23,"column":18},"end":{"line":23,"column":32}},{"start":{"line":23,"column":36},"end":{"line":23,"column":72}}]},"2":{"line":24,"type":"cond-expr","locations":[{"start":{"line":24,"column":30},"end":{"line":24,"column":49}},{"start":{"line":24,"column":52},"end":{"line":24,"column":55}}]},"3":{"line":25,"type":"cond-expr","locations":[{"start":{"line":25,"column":36},"end":{"line":25,"column":58}},{"start":{"line":25,"column":61},"end":{"line":25,"column":65}}]},"4":{"line":26,"type":"cond-expr","locations":[{"start":{"line":26,"column":39},"end":{"line":26,"column":61}},{"start":{"line":26,"column":64},"end":{"line":26,"column":66}}]},"5":{"line":28,"type":"if","locations":[{"start":{"line":28,"column":2},"end":{"line":28,"column":2}},{"start":{"line":28,"column":2},"end":{"line":28,"column":2}}]},"6":{"line":46,"type":"if","locations":[{"start":{"line":46,"column":6},"end":{"line":46,"column":6}},{"start":{"line":46,"column":6},"end":{"line":46,"column":6}}]},"7":{"line":50,"type":"if","locations":[{"start":{"line":50,"column":8},"end":{"line":50,"column":8}},{"start":{"line":50,"column":8},"end":{"line":50,"column":8}}]},"8":{"line":57,"type":"cond-expr","locations":[{"start":{"line":57,"column":86},"end":{"line":57,"column":97}},{"start":{"line":57,"column":100},"end":{"line":57,"column":111}}]},"9":{"line":57,"type":"binary-expr","locations":[{"start":{"line":57,"column":22},"end":{"line":57,"column":53}},{"start":{"line":57,"column":57},"end":{"line":57,"column":82}}]},"10":{"line":82,"type":"if","locations":[{"start":{"line":82,"column":13},"end":{"line":82,"column":13}},{"start":{"line":82,"column":13},"end":{"line":82,"column":13}}]},"11":{"line":86,"type":"if","locations":[{"start":{"line":86,"column":8},"end":{"line":86,"column":8}},{"start":{"line":86,"column":8},"end":{"line":86,"column":8}}]},"12":{"line":93,"type":"cond-expr","locations":[{"start":{"line":93,"column":84},"end":{"line":93,"column":94}},{"start":{"line":93,"column":97},"end":{"line":93,"column":107}}]},"13":{"line":93,"type":"binary-expr","locations":[{"start":{"line":93,"column":22},"end":{"line":93,"column":52}},{"start":{"line":93,"column":56},"end":{"line":93,"column":80}}]},"14":{"line":118,"type":"if","locations":[{"start":{"line":118,"column":13},"end":{"line":118,"column":13}},{"start":{"line":118,"column":13},"end":{"line":118,"column":13}}]},"15":{"line":151,"type":"cond-expr","locations":[{"start":{"line":151,"column":32},"end":{"line":151,"column":51}},{"start":{"line":151,"column":54},"end":{"line":151,"column":57}}]},"16":{"line":155,"type":"if","locations":[{"start":{"line":155,"column":2},"end":{"line":155,"column":2}},{"start":{"line":155,"column":2},"end":{"line":155,"column":2}}]},"17":{"line":157,"type":"if","locations":[{"start":{"line":157,"column":9},"end":{"line":157,"column":9}},{"start":{"line":157,"column":9},"end":{"line":157,"column":9}}]},"18":{"line":159,"type":"if","locations":[{"start":{"line":159,"column":6},"end":{"line":159,"column":6}},{"start":{"line":159,"column":6},"end":{"line":159,"column":6}}]},"19":{"line":161,"type":"if","locations":[{"start":{"line":161,"column":13},"end":{"line":161,"column":13}},{"start":{"line":161,"column":13},"end":{"line":161,"column":13}}]},"20":{"line":161,"type":"binary-expr","locations":[{"start":{"line":161,"column":17},"end":{"line":161,"column":41}},{"start":{"line":161,"column":45},"end":{"line":161,"column":64}},{"start":{"line":162,"column":8},"end":{"line":162,"column":35}}]},"21":{"line":167,"type":"if","locations":[{"start":{"line":167,"column":9},"end":{"line":167,"column":9}},{"start":{"line":167,"column":9},"end":{"line":167,"column":9}}]},"22":{"line":167,"type":"binary-expr","locations":[{"start":{"line":167,"column":13},"end":{"line":167,"column":44}},{"start":{"line":167,"column":48},"end":{"line":167,"column":75}}]},"23":{"line":176,"type":"if","locations":[{"start":{"line":176,"column":2},"end":{"line":176,"column":2}},{"start":{"line":176,"column":2},"end":{"line":176,"column":2}}]},"24":{"line":177,"type":"if","locations":[{"start":{"line":177,"column":4},"end":{"line":177,"column":4}},{"start":{"line":177,"column":4},"end":{"line":177,"column":4}}]},"25":{"line":177,"type":"binary-expr","locations":[{"start":{"line":177,"column":8},"end":{"line":177,"column":22}},{"start":{"line":177,"column":26},"end":{"line":177,"column":62}}]},"26":{"line":186,"type":"if","locations":[{"start":{"line":186,"column":2},"end":{"line":186,"column":2}},{"start":{"line":186,"column":2},"end":{"line":186,"column":2}}]}},"code":["var through = require('through2'),","  BundleKeys = require('./model/bundle-keys'),","  gulp = require('gulp'),","  util = require('util'),","  using = require('./using'),","  sourcemaps = require('gulp-sourcemaps'),","  gutil = require('gulp-util'),","  logger = require('./service/logger'),","  gif = require('gulp-if'),","  _ = require('lodash'),","  pathifySrc = require('./pathify-config-src'),","  stringHelper = require('./string-helper'),","  bundleAllEnvironments = require('./bundle-all-environments'),","  bundleDone = require('./watch/bundle-done'),","  initOptionDefaults = require('./init-option-defaults'),","  results = require('./results').incremental,","  streamFiles = require('./stream-files'),","  streamCopy = require('./stream-copy'),","  streamBundlesUtil = require('./stream-bundles-util');","","function _bundle(config, env) {","  var bundles = config.bundle,","    isBundleAll = config.options && config.options.bundleAllEnvironments,","    base = (config.options) ? config.options.base : '.', // can guarantee !!options b/c (config instanceof Config)","    resultOpts = (config.options) ? config.options.results : null,","    minSrcs = (config.getAllMinSrcs) ? config.getAllMinSrcs() : {};","","  if (env) {","    logger.log('Creating bundle(s) for environment \"' + env + '\"');","  }","","  _.forEach(Object.keys(bundles), function (bundleName) {","","    var namedBundleObj = bundles[bundleName];","    initOptionDefaults(namedBundleObj);","","    _.forEach(Object.keys(namedBundleObj), function (type) {","      var scriptWatch,","        styleWatch,","        scriptsPath,","        stylesPath,","        prettyScriptsBundleName,","        prettyStylesBundleName;","","      /* jshint -W035 */","      if (type === BundleKeys.SCRIPTS) {","","        scriptWatch = namedBundleObj[BundleKeys.OPTIONS].watch[BundleKeys.SCRIPTS];","","        if (scriptWatch !== false) {","","          scriptsPath = pathifySrc(namedBundleObj[BundleKeys.SCRIPTS], base, namedBundleObj[BundleKeys.OPTIONS], env);","          prettyScriptsBundleName = using.bundleName(bundleName, BundleKeys.SCRIPTS, env, isBundleAll);","","          logger.log(\"Starting '\" + gutil.colors.cyan(\"watch\") + \"' for bundle '\" + gutil.colors.green(prettyScriptsBundleName) + \"'...\");","","          gulp.watch((typeof scriptWatch === 'string' || util.isArray(scriptWatch)) ? scriptWatch : scriptsPath)","            .on('change', function (file) { // log changed file?","","              var start = process.hrtime();","","              streamFiles.scripts({","                src: scriptsPath,","                base: base,","                env: env,","                type: type,","                bundleName: bundleName,","                bundleOptions: namedBundleObj[BundleKeys.OPTIONS],","                isBundleAll: isBundleAll,","                minSrcs: minSrcs,","                isWatch: true","              })","                .pipe(gif(resultOpts, results(resultOpts)))","                .pipe(gulp.dest(config.options.dest))","                .pipe(through.obj(function (file, enc, cb) {","                  bundleDone(prettyScriptsBundleName, start);","                }));","","            });","        }","","      } else if (type === BundleKeys.STYLES) {","","        styleWatch = namedBundleObj[BundleKeys.OPTIONS].watch[BundleKeys.STYLES];","","        if (styleWatch !== false) {","","          stylesPath = pathifySrc(namedBundleObj[BundleKeys.STYLES], base, namedBundleObj[BundleKeys.OPTIONS], env);","          prettyStylesBundleName = using.bundleName(bundleName, BundleKeys.STYLES, env, isBundleAll);","","          logger.log(\"Starting '\" + gutil.colors.cyan(\"watch\") + \"' for bundle '\" + gutil.colors.green(prettyStylesBundleName) + \"'...\");","","          gulp.watch((typeof styleWatch === 'string' || util.isArray(styleWatch)) ? styleWatch : stylesPath)","            .on('change', function (file) { // log changed file?","","              var start = process.hrtime();","","              streamFiles.styles({","                src: stylesPath,","                base: base,","                env: env,","                type: type,","                bundleName: bundleName,","                bundleOptions: namedBundleObj[BundleKeys.OPTIONS],","                isBundleAll: isBundleAll,","                minSrcs: minSrcs,","                isWatch: true","              })","                .pipe(gif(resultOpts, results(resultOpts)))","                .pipe(gulp.dest(config.options.dest))","                .pipe(through.obj(function (file, enc, cb) {","                  bundleDone(prettyStylesBundleName, start);","                }));","","            });","        }","","      } else if (type === BundleKeys.OPTIONS) {","        // ok","      } else {","        throw new gutil.PluginError('gulp-bundle-assets', 'Unsupported object key found: \"bundle.' +","          bundleName + '.' + type + '\". Supported types are \"' +","          BundleKeys.SCRIPTS + '\", \"' + BundleKeys.STYLES + '\" and \"' + BundleKeys.OPTIONS + '\"');","      }","      /* jshint +W035 */","","    });","","  });","","}","","function watchStringCopyStream(config, item, base) {","  gulp.watch(item)","    .on('change', function (file) { // log changed file?","      streamCopy.getStringCopyStream(item, base)","        .pipe(gulp.dest(config.options.dest));","    });","}","","function watchObjectCopyStream(config, item, base) {","  var watchPath = pathifySrc(item.src, base);","  gulp.watch(watchPath)","    .on('change', function (file) { // log changed file?","      streamCopy.getObjectCopyStream(item, base)","        .pipe(gulp.dest(config.options.dest));","    });","}","","function _copy(config) {","  var base = (config.options) ? config.options.base : '.'; // can guarantee !!options b/c (config instanceof Config)","","  logger.log(\"Starting '\" + gutil.colors.cyan(\"watch\") + \"' for files to copy...\");","","  if (typeof config.copy === 'string') {","    watchStringCopyStream(config, config.copy, base);","  } else if (util.isArray(config.copy)) {","    _.forEach(config.copy, function (item) {","      if (typeof item === 'string') {","        return watchStringCopyStream(config, item, base);","      } else if (typeof item === 'object' && !util.isArray(item) &&","        config.copy.watch !== false) {","        return watchObjectCopyStream(config, item, base);","      }","      streamCopy.throwUnsupportedSyntaxError();","    });","  } else if (typeof config.copy === 'object' && config.copy.watch !== false) {","    watchObjectCopyStream(config, config.copy, base);","  } else {","    streamCopy.throwUnsupportedSyntaxError();","  }","}","","function bundle(config) {","","  if (config.bundle) {","    if (config.options && config.options.bundleAllEnvironments) { // can guarantee !!options b/c (config instanceof Config)","      bundleAllEnvironments(config, _bundle);","    } else {","      _bundle(config, process.env.NODE_ENV);","    }","  }","","  streamBundlesUtil.warnIfNoBundleProperty(config);","","  if (config.copy) {","    _copy(config);","  }","}","","module.exports = bundle;"],"l":{"1":1,"21":1,"22":0,"28":0,"29":0,"32":0,"34":0,"35":0,"37":0,"38":0,"46":0,"48":0,"50":0,"52":0,"53":0,"55":0,"57":0,"60":0,"62":0,"76":0,"82":0,"84":0,"86":0,"88":0,"89":0,"91":0,"93":0,"96":0,"98":0,"112":0,"118":0,"121":0,"133":1,"134":0,"136":0,"141":1,"142":0,"143":0,"145":0,"150":1,"151":0,"153":0,"155":0,"156":0,"157":0,"158":0,"159":0,"160":0,"161":0,"163":0,"165":0,"167":0,"168":0,"170":0,"174":1,"176":0,"177":0,"178":0,"180":0,"184":0,"186":0,"187":0,"191":1}},"/home/travis/build/npmtest/node-npmtest-gulp-bundle-assets/node_modules/gulp-bundle-assets/lib/watch/bundle-done.js":{"path":"/home/travis/build/npmtest/node-npmtest-gulp-bundle-assets/node_modules/gulp-bundle-assets/lib/watch/bundle-done.js","s":{"1":1,"2":1,"3":0,"4":0,"5":0},"b":{},"f":{"1":0},"fnMap":{"1":{"name":"(anonymous_1)","line":7,"loc":{"start":{"line":7,"column":17},"end":{"line":7,"column":40}}}},"statementMap":{"1":{"start":{"line":1,"column":0},"end":{"line":5,"column":32}},"2":{"start":{"line":7,"column":0},"end":{"line":13,"column":2}},"3":{"start":{"line":8,"column":2},"end":{"line":8,"column":41}},"4":{"start":{"line":9,"column":2},"end":{"line":9,"column":36}},"5":{"start":{"line":10,"column":2},"end":{"line":12,"column":4}}},"branchMap":{},"code":["var gulp = require('gulp'),","  logger = require('../service/logger'),","  gutil = require('gulp-util'),","  prettyTime = require('pretty-hrtime'),","  using = require('./../using');","","module.exports = function (name, start) {","  var hrDuration = process.hrtime(start); // [seconds,nanoseconds]","  var time = prettyTime(hrDuration);","  logger.log('Finished bundling', '\\'' + gutil.colors.green(name) + '\\'',","    'after', gutil.colors.magenta(time)","  );","};"],"l":{"1":1,"7":1,"8":0,"9":0,"10":0}},"/home/travis/build/npmtest/node-npmtest-gulp-bundle-assets/node_modules/gulp-bundle-assets/lib/results/type/plain.js":{"path":"/home/travis/build/npmtest/node-npmtest-gulp-bundle-assets/node_modules/gulp-bundle-assets/lib/results/type/plain.js","s":{"1":1,"2":0},"b":{},"f":{"1":0},"fnMap":{"1":{"name":"(anonymous_1)","line":1,"loc":{"start":{"line":1,"column":17},"end":{"line":1,"column":33}}}},"statementMap":{"1":{"start":{"line":1,"column":0},"end":{"line":3,"column":2}},"2":{"start":{"line":2,"column":2},"end":{"line":2,"column":14}}},"branchMap":{},"code":["module.exports = function (path) {","  return path;","};"],"l":{"1":1,"2":0}},"/home/travis/build/npmtest/node-npmtest-gulp-bundle-assets/node_modules/gulp-bundle-assets/lib/results/type/scripts-html.js":{"path":"/home/travis/build/npmtest/node-npmtest-gulp-bundle-assets/node_modules/gulp-bundle-assets/lib/results/type/scripts-html.js","s":{"1":1,"2":0},"b":{},"f":{"1":0},"fnMap":{"1":{"name":"(anonymous_1)","line":1,"loc":{"start":{"line":1,"column":17},"end":{"line":1,"column":33}}}},"statementMap":{"1":{"start":{"line":1,"column":0},"end":{"line":3,"column":2}},"2":{"start":{"line":2,"column":2},"end":{"line":2,"column":71}}},"branchMap":{},"code":["module.exports = function (path) {","  return \"<script src='\" + path + \"' type='text/javascript'></script>\";","};"],"l":{"1":1,"2":0}},"/home/travis/build/npmtest/node-npmtest-gulp-bundle-assets/node_modules/gulp-bundle-assets/lib/results/type/scripts-jsx.js":{"path":"/home/travis/build/npmtest/node-npmtest-gulp-bundle-assets/node_modules/gulp-bundle-assets/lib/results/type/scripts-jsx.js","s":{"1":1,"2":0},"b":{},"f":{"1":0},"fnMap":{"1":{"name":"(anonymous_1)","line":1,"loc":{"start":{"line":1,"column":17},"end":{"line":1,"column":33}}}},"statementMap":{"1":{"start":{"line":1,"column":0},"end":{"line":3,"column":2}},"2":{"start":{"line":2,"column":2},"end":{"line":2,"column":64}}},"branchMap":{},"code":["module.exports = function (path) {","  return \"<script src='\" + path + \"' type='text/jsx'></script>\";","};"],"l":{"1":1,"2":0}},"/home/travis/build/npmtest/node-npmtest-gulp-bundle-assets/node_modules/gulp-bundle-assets/lib/results/type/scripts-plain.js":{"path":"/home/travis/build/npmtest/node-npmtest-gulp-bundle-assets/node_modules/gulp-bundle-assets/lib/results/type/scripts-plain.js","s":{"1":1},"b":{},"f":{},"fnMap":{},"statementMap":{"1":{"start":{"line":1,"column":0},"end":{"line":1,"column":36}}},"branchMap":{},"code":["module.exports = require('./plain');"],"l":{"1":1}},"/home/travis/build/npmtest/node-npmtest-gulp-bundle-assets/node_modules/gulp-bundle-assets/lib/results/type/styles-html.js":{"path":"/home/travis/build/npmtest/node-npmtest-gulp-bundle-assets/node_modules/gulp-bundle-assets/lib/results/type/styles-html.js","s":{"1":1,"2":0},"b":{},"f":{"1":0},"fnMap":{"1":{"name":"(anonymous_1)","line":1,"loc":{"start":{"line":1,"column":17},"end":{"line":1,"column":33}}}},"statementMap":{"1":{"start":{"line":1,"column":0},"end":{"line":3,"column":2}},"2":{"start":{"line":2,"column":2},"end":{"line":2,"column":84}}},"branchMap":{},"code":["module.exports = function (path) {","  return \"<link href='\" + path + \"' media='all' rel='stylesheet' type='text/css'/>\";","};",""],"l":{"1":1,"2":0}},"/home/travis/build/npmtest/node-npmtest-gulp-bundle-assets/node_modules/gulp-bundle-assets/lib/results/type/styles-plain.js":{"path":"/home/travis/build/npmtest/node-npmtest-gulp-bundle-assets/node_modules/gulp-bundle-assets/lib/results/type/styles-plain.js","s":{"1":1},"b":{},"f":{},"fnMap":{},"statementMap":{"1":{"start":{"line":1,"column":0},"end":{"line":1,"column":36}}},"branchMap":{},"code":["module.exports = require('./plain');"],"l":{"1":1}}}